Visual Studio Code (1.87.0, undefined, desktop)
Jupyter Extension Version: 2024.2.0.
Python Extension not installed.
Pylance Extension not installed.
Platform: linux (x64).
Workspace folder ~/code/jupyter skole, Home = /home/silas
08:19:42.181 [info] Start refreshing Kernel Picker (1709191182181)
08:19:42.186 [info] Not using Pylance
08:19:42.198 [info] End refreshing Kernel Picker (1709191182181)
08:19:46.106 [info] End refreshing Kernel Picker (1709191182181)
08:20:03.163 [info] Using Pylance
08:20:04.173 [warn] Failed to get activated env vars for /bin/python in 44ms
08:20:04.179 [info] Process Execution: /bin/python -c "import site;print("USER_BASE_VALUE");print(site.USER_BASE);print("USER_BASE_VALUE");"
08:20:04.194 [info] Process Execution: /bin/python -m pip list
08:20:04.211 [info] Process Execution: /bin/python -c "import pip;print('6af208d0-cb9c-427f-b937-ff563e17efdf')"
08:20:05.206 [info] End refreshing Kernel Picker (1709191182181)
08:20:05.403 [info] No interpreter for Pylance for Notebook URI "~/code/jupyter skole/demo.ipynb"
08:21:37.147 [info] Handle Execution of Cells 0 for ~/code/jupyter skole/demo.ipynb
08:21:37.149 [info] Starting Kernel startUsingPythonInterpreter, .jvsc74a57bd0e7370f93d1d0cde622a1f8e1c04877d8463912d04d973331ad4851f04de6915a./bin/python./bin/python.-m#ipykernel_launcher  (Python Path: /bin/python, Unknown, 3.11.7) for '~/code/jupyter skole/demo.ipynb' (disableUI=false)
08:21:37.195 [warn] Failed to get activated env vars for /bin/python in 24ms
08:21:37.201 [info] Process Execution: /bin/python -c "import ipykernel; print(ipykernel.__version__); print("5dc3a68c-e34e-4080-9c3e-2a532b2ccb4d"); print(ipykernel.__file__)"
08:21:37.210 [info] Process Execution: /bin/python -m ipykernel_launcher --f=~/.local/share/jupyter/runtime/kernel-v2-23622duL16Xz5QPf0.json
    > cwd: ~/code/jupyter skole
08:21:37.210 [info] Kernel process 24581.
08:21:37.216 [warn] Stderr output when getting ipykernel version & path Traceback (most recent call last):
    File "<string>", line 1, in <module>
    ModuleNotFoundError: No module named 'ipykernel' for /bin/python
08:21:37.221 [warn] StdErr from Kernel Process /bin/python: No module named ipykernel_launcher
08:21:37.222 [error] Disposing kernel process due to an error Error: The kernel died. Error: /bin/python: No module named ipykernel_launcher... View Jupyter [log](command:jupyter.viewOutput) for further details.
    > Kernel Id = .jvsc74a57bd0e7370f93d1d0cde622a1f8e1c04877d8463912d04d973331ad4851f04de6915a./bin/python./bin/python.-m#ipykernel_launcher
    > Interpreter Id = /bin/python
    > at ChildProcess.<anonymous> (~/.vscode/extensions/ms-toolsai.jupyter-2024.2.0-linux-x64/dist/extension.node.js:335:2012)
    > stdErr = /bin/python: No module named ipykernel_launcher
08:21:37.222 [info] Dispose Kernel process 24581.
08:21:37.223 [error] Failed to connect raw kernel session: Error: The kernel died. Error: /bin/python: No module named ipykernel_launcher... View Jupyter [log](command:jupyter.viewOutput) for further details.
08:21:37.223 [error] Failed to connect raw kernel session: Error: The kernel died. Error: /bin/python: No module named ipykernel_launcher... View Jupyter [log](command:jupyter.viewOutput) for further details.
08:21:37.223 [warn] Failed to shutdown kernel, .jvsc74a57bd0e7370f93d1d0cde622a1f8e1c04877d8463912d04d973331ad4851f04de6915a./bin/python./bin/python.-m#ipykernel_launcher [TypeError: Cannot read properties of undefined (reading 'dispose')
	at cT.shutdown (~/.vscode/extensions/ms-toolsai.jupyter-2024.2.0-linux-x64/dist/extension.node.js:340:15465)
	at process.processTicksAndRejections (node:internal/process/task_queues:95:5)
	at async lT.shutdown (~/.vscode/extensions/ms-toolsai.jupyter-2024.2.0-linux-x64/dist/extension.node.js:340:24053)]
08:21:37.225 [warn] Error occurred while trying to start the kernel, options.disableUI=false Error: The kernel died. Error: /bin/python: No module named ipykernel_launcher... View Jupyter [log](command:jupyter.viewOutput) for further details.
    > Kernel Id = .jvsc74a57bd0e7370f93d1d0cde622a1f8e1c04877d8463912d04d973331ad4851f04de6915a./bin/python./bin/python.-m#ipykernel_launcher
    > Interpreter Id = /bin/python
    > at ChildProcess.<anonymous> (~/.vscode/extensions/ms-toolsai.jupyter-2024.2.0-linux-x64/dist/extension.node.js:335:2012)
    > stdErr = /bin/python: No module named ipykernel_launcher
08:21:37.226 [warn] Kernel Error, context = start Error: The kernel died. Error: /bin/python: No module named ipykernel_launcher... View Jupyter [log](command:jupyter.viewOutput) for further details.
    > Kernel Id = .jvsc74a57bd0e7370f93d1d0cde622a1f8e1c04877d8463912d04d973331ad4851f04de6915a./bin/python./bin/python.-m#ipykernel_launcher
    > Interpreter Id = /bin/python
    > at ChildProcess.<anonymous> (~/.vscode/extensions/ms-toolsai.jupyter-2024.2.0-linux-x64/dist/extension.node.js:335:2012)
    > stdErr = /bin/python: No module named ipykernel_launcher
08:21:37.234 [warn] Failed to get activated env vars for /bin/python in 7ms
08:21:37.239 [info] Process Execution: /bin/python -c "import ipykernel;print('6af208d0-cb9c-427f-b937-ff563e17efdf')"
08:21:37.246 [info] Check & install missing Kernel dependencies for /bin/python, ui.disabled=false for resource '~/code/jupyter skole/demo.ipynb'
08:21:37.252 [info] Process Execution: /bin/python -c "import ipykernel;print('6af208d0-cb9c-427f-b937-ff563e17efdf')"
08:21:37.267 [info] Process Execution: /bin/python -c "import pip;print('6af208d0-cb9c-427f-b937-ff563e17efdf')"
08:21:43.510 [info] Process Execution: /bin/python -c "import pip;print('6af208d0-cb9c-427f-b937-ff563e17efdf')"
08:21:43.529 [info] Process Execution: /bin/python -m pip install -U --user ipykernel
08:21:43.733 [error] Failed to install ipykernel error: externally-managed-environment

× This environment is externally managed
╰─> To install Python packages system-wide, try 'pacman -S
    python-xyz', where xyz is the package you are trying to
    install.
    
    If you wish to install a non-Arch-packaged Python package,
    create a virtual environment using 'python -m venv path/to/venv'.
    Then use path/to/venv/bin/python and path/to/venv/bin/pip.
    
    If you wish to install a non-Arch packaged Python application,
    it may be easiest to use 'pipx install xyz', which will manage a
    virtual environment for you. Make sure you have python-pipx
    installed via pacman.

note: If you believe this is a mistake, please contact your Python installation or OS distribution provider. You can override this, at the risk of breaking your Python installation or OS, by passing --break-system-packages.
hint: See PEP 668 for the detailed specification.

08:21:43.734 [info] Dispose Kernel '~/code/jupyter skole/demo.ipynb' associated with '~/code/jupyter skole/demo.ipynb'
08:21:43.734 [error] Error in execution Error: The kernel died. Error: /bin/python: No module named ipykernel_launcher... View Jupyter [log](command:jupyter.viewOutput) for further details.
    > Kernel Id = .jvsc74a57bd0e7370f93d1d0cde622a1f8e1c04877d8463912d04d973331ad4851f04de6915a./bin/python./bin/python.-m#ipykernel_launcher
    > Interpreter Id = /bin/python
    > at ChildProcess.<anonymous> (~/.vscode/extensions/ms-toolsai.jupyter-2024.2.0-linux-x64/dist/extension.node.js:335:2012)
    > stdErr = /bin/python: No module named ipykernel_launcher
08:21:43.735 [error] Error in execution (get message for cell) Error: The kernel died. Error: /bin/python: No module named ipykernel_launcher... View Jupyter [log](command:jupyter.viewOutput) for further details.
    > Kernel Id = .jvsc74a57bd0e7370f93d1d0cde622a1f8e1c04877d8463912d04d973331ad4851f04de6915a./bin/python./bin/python.-m#ipykernel_launcher
    > Interpreter Id = /bin/python
    > at ChildProcess.<anonymous> (~/.vscode/extensions/ms-toolsai.jupyter-2024.2.0-linux-x64/dist/extension.node.js:335:2012)
    > stdErr = /bin/python: No module named ipykernel_launcher
08:21:43.740 [info] Process Execution: /bin/python -c "import ipykernel;print('6af208d0-cb9c-427f-b937-ff563e17efdf')"
08:21:43.762 [info] End cell 0 execution after 0s, completed @ undefined, started @ undefined
08:21:48.078 [info] Handle Execution of Cells 0 for ~/code/jupyter skole/demo.ipynb
08:21:48.079 [info] Starting Kernel startUsingPythonInterpreter, .jvsc74a57bd0e7370f93d1d0cde622a1f8e1c04877d8463912d04d973331ad4851f04de6915a./bin/python./bin/python.-m#ipykernel_launcher  (Python Path: /bin/python, Unknown, 3.11.7) for '~/code/jupyter skole/demo.ipynb' (disableUI=false)
08:21:48.086 [info] Process Execution: /bin/python -c "import ipykernel; print(ipykernel.__version__); print("5dc3a68c-e34e-4080-9c3e-2a532b2ccb4d"); print(ipykernel.__file__)"
08:21:48.094 [warn] Stderr output when getting ipykernel version & path Traceback (most recent call last):
    File "<string>", line 1, in <module>
    ModuleNotFoundError: No module named 'ipykernel' for /bin/python
08:21:48.103 [info] Process Execution: /bin/python -m ipykernel_launcher --f=~/.local/share/jupyter/runtime/kernel-v2-23622bi8ELK2YT1ic.json
    > cwd: ~/code/jupyter skole
08:21:48.103 [info] Kernel process 24621.
08:21:48.112 [warn] StdErr from Kernel Process /bin/python: No module named ipykernel_launcher
08:21:48.114 [error] Disposing kernel process due to an error Error: The kernel died. Error: /bin/python: No module named ipykernel_launcher... View Jupyter [log](command:jupyter.viewOutput) for further details.
    > Kernel Id = .jvsc74a57bd0e7370f93d1d0cde622a1f8e1c04877d8463912d04d973331ad4851f04de6915a./bin/python./bin/python.-m#ipykernel_launcher
    > Interpreter Id = /bin/python
    > at ChildProcess.<anonymous> (~/.vscode/extensions/ms-toolsai.jupyter-2024.2.0-linux-x64/dist/extension.node.js:335:2012)
    > stdErr = /bin/python: No module named ipykernel_launcher
08:21:48.114 [info] Dispose Kernel process 24621.
08:21:48.114 [error] Failed to connect raw kernel session: Error: The kernel died. Error: /bin/python: No module named ipykernel_launcher... View Jupyter [log](command:jupyter.viewOutput) for further details.
08:21:48.114 [error] Failed to connect raw kernel session: Error: The kernel died. Error: /bin/python: No module named ipykernel_launcher... View Jupyter [log](command:jupyter.viewOutput) for further details.
08:21:48.114 [warn] Failed to shutdown kernel, .jvsc74a57bd0e7370f93d1d0cde622a1f8e1c04877d8463912d04d973331ad4851f04de6915a./bin/python./bin/python.-m#ipykernel_launcher [TypeError: Cannot read properties of undefined (reading 'dispose')
	at cT.shutdown (~/.vscode/extensions/ms-toolsai.jupyter-2024.2.0-linux-x64/dist/extension.node.js:340:15465)
	at process.processTicksAndRejections (node:internal/process/task_queues:95:5)
	at async lT.shutdown (~/.vscode/extensions/ms-toolsai.jupyter-2024.2.0-linux-x64/dist/extension.node.js:340:24053)]
08:21:48.115 [warn] Error occurred while trying to start the kernel, options.disableUI=false Error: The kernel died. Error: /bin/python: No module named ipykernel_launcher... View Jupyter [log](command:jupyter.viewOutput) for further details.
    > Kernel Id = .jvsc74a57bd0e7370f93d1d0cde622a1f8e1c04877d8463912d04d973331ad4851f04de6915a./bin/python./bin/python.-m#ipykernel_launcher
    > Interpreter Id = /bin/python
    > at ChildProcess.<anonymous> (~/.vscode/extensions/ms-toolsai.jupyter-2024.2.0-linux-x64/dist/extension.node.js:335:2012)
    > stdErr = /bin/python: No module named ipykernel_launcher
08:21:48.115 [warn] Kernel Error, context = start Error: The kernel died. Error: /bin/python: No module named ipykernel_launcher... View Jupyter [log](command:jupyter.viewOutput) for further details.
    > Kernel Id = .jvsc74a57bd0e7370f93d1d0cde622a1f8e1c04877d8463912d04d973331ad4851f04de6915a./bin/python./bin/python.-m#ipykernel_launcher
    > Interpreter Id = /bin/python
    > at ChildProcess.<anonymous> (~/.vscode/extensions/ms-toolsai.jupyter-2024.2.0-linux-x64/dist/extension.node.js:335:2012)
    > stdErr = /bin/python: No module named ipykernel_launcher
08:21:48.120 [info] Process Execution: /bin/python -c "import ipykernel;print('6af208d0-cb9c-427f-b937-ff563e17efdf')"
08:21:48.127 [info] Check & install missing Kernel dependencies for /bin/python, ui.disabled=false for resource '~/code/jupyter skole/demo.ipynb'
08:21:48.132 [info] Process Execution: /bin/python -c "import ipykernel;print('6af208d0-cb9c-427f-b937-ff563e17efdf')"
08:21:48.144 [info] Process Execution: /bin/python -c "import pip;print('6af208d0-cb9c-427f-b937-ff563e17efdf')"
08:21:54.268 [info] Process Execution: /bin/python -c "import pip;print('6af208d0-cb9c-427f-b937-ff563e17efdf')"
08:21:54.296 [info] Process Execution: /bin/python -m pip install -U --user ipykernel
08:21:54.505 [error] Failed to install ipykernel error: externally-managed-environment

× This environment is externally managed
╰─> To install Python packages system-wide, try 'pacman -S
    python-xyz', where xyz is the package you are trying to
    install.
    
    If you wish to install a non-Arch-packaged Python package,
    create a virtual environment using 'python -m venv path/to/venv'.
    Then use path/to/venv/bin/python and path/to/venv/bin/pip.
    
    If you wish to install a non-Arch packaged Python application,
    it may be easiest to use 'pipx install xyz', which will manage a
    virtual environment for you. Make sure you have python-pipx
    installed via pacman.

note: If you believe this is a mistake, please contact your Python installation or OS distribution provider. You can override this, at the risk of breaking your Python installation or OS, by passing --break-system-packages.
hint: See PEP 668 for the detailed specification.

08:21:54.505 [info] Dispose Kernel '~/code/jupyter skole/demo.ipynb' associated with '~/code/jupyter skole/demo.ipynb'
08:21:54.505 [error] Error in execution Error: The kernel died. Error: /bin/python: No module named ipykernel_launcher... View Jupyter [log](command:jupyter.viewOutput) for further details.
    > Kernel Id = .jvsc74a57bd0e7370f93d1d0cde622a1f8e1c04877d8463912d04d973331ad4851f04de6915a./bin/python./bin/python.-m#ipykernel_launcher
    > Interpreter Id = /bin/python
    > at ChildProcess.<anonymous> (~/.vscode/extensions/ms-toolsai.jupyter-2024.2.0-linux-x64/dist/extension.node.js:335:2012)
    > stdErr = /bin/python: No module named ipykernel_launcher
08:21:54.506 [error] Error in execution (get message for cell) Error: The kernel died. Error: /bin/python: No module named ipykernel_launcher... View Jupyter [log](command:jupyter.viewOutput) for further details.
    > Kernel Id = .jvsc74a57bd0e7370f93d1d0cde622a1f8e1c04877d8463912d04d973331ad4851f04de6915a./bin/python./bin/python.-m#ipykernel_launcher
    > Interpreter Id = /bin/python
    > at ChildProcess.<anonymous> (~/.vscode/extensions/ms-toolsai.jupyter-2024.2.0-linux-x64/dist/extension.node.js:335:2012)
    > stdErr = /bin/python: No module named ipykernel_launcher
08:21:54.511 [info] Process Execution: /bin/python -c "import ipykernel;print('6af208d0-cb9c-427f-b937-ff563e17efdf')"
08:21:54.532 [info] End cell 0 execution after 0s, completed @ undefined, started @ undefined
08:21:59.342 [info] Disposing HostJupyterExecution
08:21:59.342 [info] Dispose Kernel '~/code/jupyter skole/demo.ipynb' associated with '~/code/jupyter skole/demo.ipynb'
08:21:59.342 [info] Dispose Kernel '~/code/jupyter skole/demo.ipynb' associated with '~/code/jupyter skole/demo.ipynb'
08:21:59.342 [info] Disposing HostJupyterExecution
