Visual Studio Code (1.87.0, undefined, desktop)
Jupyter Extension Version: 2024.2.0.
Python Extension Version: 2024.2.0.
Pylance Extension Version: 2024.2.2.
Platform: linux (x64).
Workspace folder ~/code/jupyter skole, Home = /home/silas
08:22:03.547 [info] Start refreshing Kernel Picker (1709191323547)
08:22:03.552 [info] Using Pylance
08:22:03.600 [info] Start refreshing Interpreter Kernel Picker
08:22:04.129 [info] Starting Kernel startUsingPythonInterpreter, .jvsc74a57bd0e7370f93d1d0cde622a1f8e1c04877d8463912d04d973331ad4851f04de6915a./bin/python./bin/python.-m#ipykernel_launcher  (Python Path: /bin/python, Unknown, 3.11.7) for '~/code/jupyter skole/demo.ipynb' (disableUI=true)
08:22:04.278 [warn] Failed to get activated env vars for /bin/python in 338ms
08:22:04.280 [warn] Failed to get activated env vars for /bin/python in 127ms
08:22:04.286 [info] Process Execution: /bin/python -c "import site;print("USER_BASE_VALUE");print(site.USER_BASE);print("USER_BASE_VALUE");"
08:22:04.301 [info] Process Execution: /bin/python -m pip list
08:22:04.306 [info] Process Execution: /bin/python -c "import ipykernel; print(ipykernel.__version__); print("5dc3a68c-e34e-4080-9c3e-2a532b2ccb4d"); print(ipykernel.__file__)"
08:22:04.312 [info] Process Execution: /bin/python -m ipykernel_launcher --f=~/.local/share/jupyter/runtime/kernel-v2-24828MgstKosvGrhP.json
    > cwd: ~/code/jupyter skole
08:22:04.312 [info] Kernel process 24961.
08:22:04.317 [warn] Stderr output when getting ipykernel version & path Traceback (most recent call last):
    File "<string>", line 1, in <module>
    ModuleNotFoundError: No module named 'ipykernel' for /bin/python
08:22:04.324 [warn] StdErr from Kernel Process /bin/python: No module named ipykernel_launcher
08:22:04.325 [error] Disposing kernel process due to an error Error: The kernel died. Error: /bin/python: No module named ipykernel_launcher... View Jupyter [log](command:jupyter.viewOutput) for further details.
    > Kernel Id = .jvsc74a57bd0e7370f93d1d0cde622a1f8e1c04877d8463912d04d973331ad4851f04de6915a./bin/python./bin/python.-m#ipykernel_launcher
    > Interpreter Id = /bin/python
    > at ChildProcess.<anonymous> (~/.vscode/extensions/ms-toolsai.jupyter-2024.2.0-linux-x64/dist/extension.node.js:335:2012)
    > stdErr = /bin/python: No module named ipykernel_launcher
08:22:04.325 [info] Dispose Kernel process 24961.
08:22:04.327 [error] Failed to connect raw kernel session: Error: The kernel died. Error: /bin/python: No module named ipykernel_launcher... View Jupyter [log](command:jupyter.viewOutput) for further details.
08:22:04.327 [error] Failed to connect raw kernel session: Error: The kernel died. Error: /bin/python: No module named ipykernel_launcher... View Jupyter [log](command:jupyter.viewOutput) for further details.
08:22:04.327 [warn] Failed to shutdown kernel, .jvsc74a57bd0e7370f93d1d0cde622a1f8e1c04877d8463912d04d973331ad4851f04de6915a./bin/python./bin/python.-m#ipykernel_launcher [TypeError: Cannot read properties of undefined (reading 'dispose')
	at cT.shutdown (~/.vscode/extensions/ms-toolsai.jupyter-2024.2.0-linux-x64/dist/extension.node.js:340:15465)
	at process.processTicksAndRejections (node:internal/process/task_queues:95:5)
	at async lT.shutdown (~/.vscode/extensions/ms-toolsai.jupyter-2024.2.0-linux-x64/dist/extension.node.js:340:24053)]
08:22:04.328 [warn] Error occurred while trying to start the kernel, options.disableUI=true Error: The kernel died. Error: /bin/python: No module named ipykernel_launcher... View Jupyter [log](command:jupyter.viewOutput) for further details.
    > Kernel Id = .jvsc74a57bd0e7370f93d1d0cde622a1f8e1c04877d8463912d04d973331ad4851f04de6915a./bin/python./bin/python.-m#ipykernel_launcher
    > Interpreter Id = /bin/python
    > at ChildProcess.<anonymous> (~/.vscode/extensions/ms-toolsai.jupyter-2024.2.0-linux-x64/dist/extension.node.js:335:2012)
    > stdErr = /bin/python: No module named ipykernel_launcher
08:22:04.364 [warn] Unable to find sysPrefix for interpreter /usr/sbin/python
08:22:04.364 [warn] Failed to get sysPrefix for interpreter /usr/sbin/python
08:22:05.365 [info] End refreshing Kernel Picker (1709191323547)
08:22:05.691 [info] Handle Execution of Cells 0 for ~/code/jupyter skole/demo.ipynb
08:22:05.702 [info] Starting Kernel startUsingPythonInterpreter, .jvsc74a57bd0e7370f93d1d0cde622a1f8e1c04877d8463912d04d973331ad4851f04de6915a./bin/python./bin/python.-m#ipykernel_launcher  (Python Path: /bin/python, Unknown, 3.11.7) for '~/code/jupyter skole/demo.ipynb' (disableUI=false)
08:22:05.714 [info] Process Execution: /bin/python -c "import ipykernel; print(ipykernel.__version__); print("5dc3a68c-e34e-4080-9c3e-2a532b2ccb4d"); print(ipykernel.__file__)"
08:22:05.724 [warn] Stderr output when getting ipykernel version & path Traceback (most recent call last):
    File "<string>", line 1, in <module>
    ModuleNotFoundError: No module named 'ipykernel' for /bin/python
08:22:05.740 [info] Process Execution: /bin/python -m ipykernel_launcher --f=~/.local/share/jupyter/runtime/kernel-v2-24828RE1Fiwh4P8WL.json
    > cwd: ~/code/jupyter skole
08:22:05.740 [info] Kernel process 25017.
08:22:05.748 [warn] StdErr from Kernel Process /bin/python: No module named ipykernel_launcher
08:22:05.750 [error] Disposing kernel process due to an error Error: The kernel died. Error: /bin/python: No module named ipykernel_launcher... View Jupyter [log](command:jupyter.viewOutput) for further details.
    > Kernel Id = .jvsc74a57bd0e7370f93d1d0cde622a1f8e1c04877d8463912d04d973331ad4851f04de6915a./bin/python./bin/python.-m#ipykernel_launcher
    > Interpreter Id = /bin/python
    > at ChildProcess.<anonymous> (~/.vscode/extensions/ms-toolsai.jupyter-2024.2.0-linux-x64/dist/extension.node.js:335:2012)
    > stdErr = /bin/python: No module named ipykernel_launcher
08:22:05.750 [info] Dispose Kernel process 25017.
08:22:05.751 [error] Failed to connect raw kernel session: Error: The kernel died. Error: /bin/python: No module named ipykernel_launcher... View Jupyter [log](command:jupyter.viewOutput) for further details.
08:22:05.751 [error] Failed to connect raw kernel session: Error: The kernel died. Error: /bin/python: No module named ipykernel_launcher... View Jupyter [log](command:jupyter.viewOutput) for further details.
08:22:05.751 [warn] Failed to shutdown kernel, .jvsc74a57bd0e7370f93d1d0cde622a1f8e1c04877d8463912d04d973331ad4851f04de6915a./bin/python./bin/python.-m#ipykernel_launcher [TypeError: Cannot read properties of undefined (reading 'dispose')
	at cT.shutdown (~/.vscode/extensions/ms-toolsai.jupyter-2024.2.0-linux-x64/dist/extension.node.js:340:15465)
	at process.processTicksAndRejections (node:internal/process/task_queues:95:5)
	at async lT.shutdown (~/.vscode/extensions/ms-toolsai.jupyter-2024.2.0-linux-x64/dist/extension.node.js:340:24053)]
08:22:05.751 [warn] Error occurred while trying to start the kernel, options.disableUI=false Error: The kernel died. Error: /bin/python: No module named ipykernel_launcher... View Jupyter [log](command:jupyter.viewOutput) for further details.
    > Kernel Id = .jvsc74a57bd0e7370f93d1d0cde622a1f8e1c04877d8463912d04d973331ad4851f04de6915a./bin/python./bin/python.-m#ipykernel_launcher
    > Interpreter Id = /bin/python
    > at ChildProcess.<anonymous> (~/.vscode/extensions/ms-toolsai.jupyter-2024.2.0-linux-x64/dist/extension.node.js:335:2012)
    > stdErr = /bin/python: No module named ipykernel_launcher
08:22:05.752 [warn] Kernel Error, context = start Error: The kernel died. Error: /bin/python: No module named ipykernel_launcher... View Jupyter [log](command:jupyter.viewOutput) for further details.
    > Kernel Id = .jvsc74a57bd0e7370f93d1d0cde622a1f8e1c04877d8463912d04d973331ad4851f04de6915a./bin/python./bin/python.-m#ipykernel_launcher
    > Interpreter Id = /bin/python
    > at ChildProcess.<anonymous> (~/.vscode/extensions/ms-toolsai.jupyter-2024.2.0-linux-x64/dist/extension.node.js:335:2012)
    > stdErr = /bin/python: No module named ipykernel_launcher
08:22:05.759 [info] Process Execution: /bin/python -c "import ipykernel;print('6af208d0-cb9c-427f-b937-ff563e17efdf')"
08:22:05.767 [info] Check & install missing Kernel dependencies for /bin/python, ui.disabled=false for resource '~/code/jupyter skole/demo.ipynb'
08:22:05.774 [info] Process Execution: /bin/python -c "import ipykernel;print('6af208d0-cb9c-427f-b937-ff563e17efdf')"
08:22:05.799 [info] Process Execution: /bin/python -c "import pip;print('6af208d0-cb9c-427f-b937-ff563e17efdf')"
08:22:07.372 [info] Dispose Kernel '~/code/jupyter skole/demo.ipynb' associated with '~/code/jupyter skole/demo.ipynb'
08:22:07.374 [error] Error in execution Error: The kernel died. Error: /bin/python: No module named ipykernel_launcher... View Jupyter [log](command:jupyter.viewOutput) for further details.
    > Kernel Id = .jvsc74a57bd0e7370f93d1d0cde622a1f8e1c04877d8463912d04d973331ad4851f04de6915a./bin/python./bin/python.-m#ipykernel_launcher
    > Interpreter Id = /bin/python
    > at ChildProcess.<anonymous> (~/.vscode/extensions/ms-toolsai.jupyter-2024.2.0-linux-x64/dist/extension.node.js:335:2012)
    > stdErr = /bin/python: No module named ipykernel_launcher
08:22:07.375 [error] Error in execution (get message for cell) Error: The kernel died. Error: /bin/python: No module named ipykernel_launcher... View Jupyter [log](command:jupyter.viewOutput) for further details.
    > Kernel Id = .jvsc74a57bd0e7370f93d1d0cde622a1f8e1c04877d8463912d04d973331ad4851f04de6915a./bin/python./bin/python.-m#ipykernel_launcher
    > Interpreter Id = /bin/python
    > at ChildProcess.<anonymous> (~/.vscode/extensions/ms-toolsai.jupyter-2024.2.0-linux-x64/dist/extension.node.js:335:2012)
    > stdErr = /bin/python: No module named ipykernel_launcher
08:22:07.382 [info] Process Execution: /bin/python -c "import ipykernel;print('6af208d0-cb9c-427f-b937-ff563e17efdf')"
08:22:07.402 [info] End cell 0 execution after 0s, completed @ undefined, started @ undefined
08:22:32.976 [info] Handle Execution of Cells 0 for ~/code/jupyter skole/demo.ipynb
08:22:32.979 [info] Starting Kernel startUsingPythonInterpreter, .jvsc74a57bd0e7370f93d1d0cde622a1f8e1c04877d8463912d04d973331ad4851f04de6915a./bin/python./bin/python.-m#ipykernel_launcher  (Python Path: /bin/python, Unknown, 3.11.7) for '~/code/jupyter skole/demo.ipynb' (disableUI=false)
08:22:32.988 [info] Process Execution: /bin/python -c "import ipykernel; print(ipykernel.__version__); print("5dc3a68c-e34e-4080-9c3e-2a532b2ccb4d"); print(ipykernel.__file__)"
08:22:33.006 [info] Process Execution: /bin/python -m ipykernel_launcher --f=~/.local/share/jupyter/runtime/kernel-v2-24828rvdKiCYKEL76.json
    > cwd: ~/code/jupyter skole
08:22:33.006 [info] Kernel process 25367.
08:22:33.283 [warn] StdErr from Kernel Process [IPKernelApp] WARNING | debugpy_stream undefined, debugging will not be enabled
08:22:33.453 [info] Registering Kernel Completion Provider from kernel Python 3.11.7 for language python
08:22:33.457 [info] Kernel acknowledged execution of cell 0 @ 1709191353457
08:22:33.586 [info] End cell 0 execution after 0.129s, completed @ 1709191353586, started @ 1709191353457
