2024-03-14T09:30:31.932Z 0: 

----------------------------------------------
2024-03-14T09:30:31.942Z 1: Discord starting: {"releaseChannel":"stable","version":"0.0.45"}, modulepath: /home/silas/.config/discord/0.0.45/modules
2024-03-14T09:30:31.949Z 2: ✅ webContents.created web1 ""
2024-03-14T09:30:31.955Z 3: ✅ window.created win1 "discord"
2024-03-14T09:30:32.069Z 4: ✅ webContents.did-finish-load web1
2024-03-14T09:30:33.937Z 5: window.close win1
2024-03-14T09:33:30.136Z 0: 

----------------------------------------------
2024-03-14T09:33:30.161Z 1: Discord starting: {"releaseChannel":"stable","version":"0.0.45"}, modulepath: /home/silas/.config/discord/0.0.45/modules
2024-03-14T09:33:30.168Z 2: ✅ webContents.created web1 "index.html"
2024-03-14T09:33:30.179Z 3: ✅ window.created win1 "discord"
2024-03-14T09:33:30.291Z 4: ✅ webContents.did-finish-load web1
2024-03-14T09:33:33.757Z 5: ✅ webContents.created web2 ""
2024-03-14T09:33:33.783Z 6: ✅ window.created win2 "Discord"
2024-03-14T09:33:34.809Z 7: ✅ webContents.did-finish-load web2
2024-03-14T09:33:34.909Z 8: window.close win1
2024-03-14T09:33:34.918Z 9: webContents.destroyed web1
2024-03-14T09:33:34.930Z 10: window.closed win1
2024-03-14T09:34:28.693Z 11: window.close win2
2024-03-14T09:34:30.427Z 0: 

----------------------------------------------
2024-03-14T09:57:47.263Z 0: 

----------------------------------------------
2024-03-14T12:36:47.573Z 0: 

----------------------------------------------
2024-03-14T12:36:47.581Z 1: Discord starting: {"releaseChannel":"stable","version":"0.0.45"}, modulepath: /home/silas/.config/discord/0.0.45/modules
2024-03-14T12:49:07.351Z 0: 

----------------------------------------------
2024-03-14T12:50:31.374Z 0: 

----------------------------------------------
2024-03-14T12:51:27.157Z 0: 

----------------------------------------------
2024-03-14T12:51:37.208Z 0: 

----------------------------------------------
2024-03-14T12:52:23.407Z 0: 

----------------------------------------------
2024-03-14T12:55:31.166Z 0: 

----------------------------------------------
2024-03-14T12:55:40.635Z 0: 

----------------------------------------------
2024-03-14T12:56:23.161Z 0: 

----------------------------------------------
2024-03-14T12:56:50.238Z 0: 

----------------------------------------------
2024-03-14T13:22:56.737Z 0: 

----------------------------------------------
2024-03-14T13:22:56.746Z 1: Discord starting: {"releaseChannel":"stable","version":"0.0.45"}, modulepath: /home/silas/.config/discord/0.0.45/modules
2024-03-14T13:23:58.567Z 0: 

----------------------------------------------
2024-03-14T13:24:42.516Z 0: 

----------------------------------------------
2024-03-14T13:33:29.908Z 12: before-quit
2024-03-14T14:55:43.672Z 0: 

----------------------------------------------
2024-03-14T14:55:43.686Z 1: Discord starting: {"releaseChannel":"stable","version":"0.0.45"}, modulepath: /home/silas/.config/discord/0.0.45/modules
2024-03-14T14:55:43.693Z 2: ✅ webContents.created web1 ""
2024-03-14T14:55:43.701Z 3: ✅ window.created win1 "discord"
2024-03-14T14:55:43.852Z 4: ✅ webContents.did-finish-load web1
2024-03-14T14:55:44.116Z 5: ✅ webContents.created web2 ""
2024-03-14T14:55:44.123Z 6: ✅ window.created win2 "Discord"
2024-03-14T14:55:45.391Z 7: ✅ webContents.did-finish-load web2
2024-03-14T14:55:45.490Z 8: window.close win1
2024-03-14T14:55:45.497Z 9: webContents.destroyed web1
2024-03-14T14:55:45.504Z 10: window.closed win1
2024-03-14T16:30:41.017Z 0: 

----------------------------------------------
2024-03-14T16:31:00.517Z 0: 

----------------------------------------------
2024-03-14T16:31:00.528Z 1: Discord starting: {"releaseChannel":"stable","version":"0.0.45"}, modulepath: /home/silas/.config/discord/0.0.45/modules
2024-03-14T16:31:57.097Z 0: 

----------------------------------------------
2024-03-14T16:31:57.107Z 1: Discord starting: {"releaseChannel":"stable","version":"0.0.45"}, modulepath: /home/silas/.config/discord/0.0.45/modules
2024-03-14T16:32:18.500Z 0: 

----------------------------------------------
2024-03-14T16:32:18.509Z 1: Discord starting: {"releaseChannel":"stable","version":"0.0.45"}, modulepath: /home/silas/.config/discord/0.0.45/modules
2024-03-14T16:32:50.613Z 0: 

----------------------------------------------
2024-03-14T16:32:50.628Z 1: Discord starting: {"releaseChannel":"stable","version":"0.0.45"}, modulepath: /home/silas/.config/discord/0.0.45/modules
2024-03-14T16:32:54.321Z 0: 

----------------------------------------------
2024-03-14T16:32:54.333Z 1: Discord starting: {"releaseChannel":"stable","version":"0.0.45"}, modulepath: /home/silas/.config/discord/0.0.45/modules
2024-03-14T17:53:52.301Z 0: 

----------------------------------------------
2024-03-14T17:54:03.881Z 0: 

----------------------------------------------
2024-03-14T17:54:03.889Z 1: Discord starting: {"releaseChannel":"stable","version":"0.0.45"}, modulepath: /home/silas/.config/discord/0.0.45/modules
2024-03-14T17:54:16.074Z 0: 

----------------------------------------------
2024-03-14T17:54:16.082Z 1: Discord starting: {"releaseChannel":"stable","version":"0.0.45"}, modulepath: /home/silas/.config/discord/0.0.45/modules
2024-03-14T17:54:35.773Z 0: 

----------------------------------------------
2024-03-14T17:54:42.768Z 0: 

----------------------------------------------
2024-03-14T17:54:50.482Z 0: 

----------------------------------------------
2024-03-14T17:55:00.671Z 0: 

----------------------------------------------
2024-03-14T17:55:49.108Z 0: 

----------------------------------------------
2024-03-14T17:55:49.143Z 1: Discord starting: {"releaseChannel":"stable","version":"0.0.45"}, modulepath: /home/silas/.config/discord/0.0.45/modules
2024-03-14T17:56:37.018Z 0: 

----------------------------------------------
2024-03-14T17:56:37.027Z 1: Discord starting: {"releaseChannel":"stable","version":"0.0.45"}, modulepath: /home/silas/.config/discord/0.0.45/modules
2024-03-14T17:56:54.167Z 0: 

----------------------------------------------
2024-03-14T17:56:54.179Z 1: Discord starting: {"releaseChannel":"stable","version":"0.0.45"}, modulepath: /home/silas/.config/discord/0.0.45/modules
2024-03-14T17:58:19.376Z 0: 

----------------------------------------------
2024-03-14T17:59:33.966Z 0: 

----------------------------------------------
2024-03-14T17:59:33.975Z 1: Discord starting: {"releaseChannel":"stable","version":"0.0.45"}, modulepath: /home/silas/.config/discord/0.0.45/modules
2024-03-14T17:59:37.067Z 0: 

----------------------------------------------
2024-03-14T17:59:37.076Z 1: Discord starting: {"releaseChannel":"stable","version":"0.0.45"}, modulepath: /home/silas/.config/discord/0.0.45/modules
2024-03-14T18:00:06.189Z 0: 

----------------------------------------------
2024-03-14T18:00:12.915Z 0: 

----------------------------------------------
2024-03-14T18:00:12.924Z 1: Discord starting: {"releaseChannel":"stable","version":"0.0.45"}, modulepath: /home/silas/.config/discord/0.0.45/modules
2024-03-14T18:00:14.436Z 0: 

----------------------------------------------
2024-03-14T18:00:15.517Z 0: 

----------------------------------------------
2024-03-14T18:00:15.528Z 1: Discord starting: {"releaseChannel":"stable","version":"0.0.45"}, modulepath: /home/silas/.config/discord/0.0.45/modules
2024-03-14T18:01:25.677Z 0: 

----------------------------------------------
2024-03-14T18:01:25.702Z 1: Discord starting: {"releaseChannel":"stable","version":"0.0.45"}, modulepath: /home/silas/.config/discord/0.0.45/modules
2024-03-14T18:01:39.701Z 0: 

----------------------------------------------
2024-03-14T18:01:39.711Z 1: Discord starting: {"releaseChannel":"stable","version":"0.0.45"}, modulepath: /home/silas/.config/discord/0.0.45/modules
2024-03-14T18:03:05.522Z 0: 

----------------------------------------------
2024-03-14T18:03:05.549Z 1: Discord starting: {"releaseChannel":"stable","version":"0.0.45"}, modulepath: /home/silas/.config/discord/0.0.45/modules
2024-03-14T18:05:30.997Z 0: 

----------------------------------------------
2024-03-14T18:05:31.019Z 1: Discord starting: {"releaseChannel":"stable","version":"0.0.45"}, modulepath: /home/silas/.config/discord/0.0.45/modules
2024-03-14T18:05:54.737Z 0: 

----------------------------------------------
2024-03-14T18:05:54.749Z 1: Discord starting: {"releaseChannel":"stable","version":"0.0.45"}, modulepath: /home/silas/.config/discord/0.0.45/modules
2024-03-14T18:06:41.700Z 0: 

----------------------------------------------
2024-03-14T18:07:09.530Z 0: 

----------------------------------------------
2024-03-14T18:07:09.539Z 1: Discord starting: {"releaseChannel":"stable","version":"0.0.45"}, modulepath: /home/silas/.config/discord/0.0.45/modules
2024-03-14T18:07:21.926Z 0: 

----------------------------------------------
2024-03-14T18:07:37.542Z 0: 

----------------------------------------------
2024-03-14T18:07:37.552Z 1: Discord starting: {"releaseChannel":"stable","version":"0.0.45"}, modulepath: /home/silas/.config/discord/0.0.45/modules
2024-03-14T18:07:45.118Z 0: 

----------------------------------------------
2024-03-14T18:14:34.172Z 0: 

----------------------------------------------
2024-03-14T18:15:34.468Z 0: 

----------------------------------------------
2024-03-14T18:15:34.481Z 1: Discord starting: {"releaseChannel":"stable","version":"0.0.45"}, modulepath: /home/silas/.config/discord/0.0.45/modules
2024-03-14T20:23:26.995Z 11: before-quit
2024-03-15T07:03:46.536Z 0: 

----------------------------------------------
2024-03-15T07:03:46.553Z 1: Discord starting: {"releaseChannel":"stable","version":"0.0.45"}, modulepath: /home/silas/.config/discord/0.0.45/modules
2024-03-15T07:03:46.560Z 2: ✅ webContents.created web1 ""
2024-03-15T07:03:46.567Z 3: ✅ window.created win1 "discord"
2024-03-15T07:03:46.728Z 4: ✅ webContents.did-finish-load web1
2024-03-15T07:03:46.943Z 5: ✅ webContents.created web2 ""
2024-03-15T07:03:46.950Z 6: ✅ window.created win2 "Discord"
2024-03-15T07:03:48.368Z 7: ✅ webContents.did-finish-load web2
2024-03-15T07:03:48.470Z 8: window.close win1
2024-03-15T07:03:48.485Z 9: webContents.destroyed web1
2024-03-15T07:03:48.492Z 10: window.closed win1
2024-03-15T13:27:19.195Z 0: 

----------------------------------------------
2024-03-15T13:27:19.210Z 1: Discord starting: {"releaseChannel":"stable","version":"0.0.45"}, modulepath: /home/silas/.config/discord/0.0.45/modules
2024-03-15T13:37:06.475Z 0: 

----------------------------------------------
2024-03-15T14:02:56.518Z 11: before-quit
2024-03-15T15:32:15.369Z 0: 

----------------------------------------------
2024-03-15T15:32:15.384Z 1: Discord starting: {"releaseChannel":"stable","version":"0.0.45"}, modulepath: /home/silas/.config/discord/0.0.45/modules
2024-03-15T15:32:15.400Z 2: ✅ webContents.created web1 ""
2024-03-15T15:32:15.414Z 3: ✅ window.created win1 "discord"
2024-03-15T15:32:15.565Z 4: ✅ webContents.did-finish-load web1
2024-03-15T15:32:15.808Z 5: ✅ webContents.created web2 ""
2024-03-15T15:32:15.815Z 6: ✅ window.created win2 "Discord"
2024-03-15T15:32:17.140Z 7: ✅ webContents.did-finish-load web2
2024-03-15T15:32:17.239Z 8: window.close win1
2024-03-15T15:32:17.246Z 9: webContents.destroyed web1
2024-03-15T15:32:17.252Z 10: window.closed win1
2024-03-15T18:48:03.935Z 0: 

----------------------------------------------
2024-03-15T23:05:24.795Z 11: before-quit
2024-03-16T08:12:52.168Z 0: 

----------------------------------------------
2024-03-16T08:12:52.189Z 1: Discord starting: {"releaseChannel":"stable","version":"0.0.45"}, modulepath: /home/silas/.config/discord/0.0.45/modules
2024-03-16T08:12:52.197Z 2: ✅ webContents.created web1 ""
2024-03-16T08:12:52.209Z 3: ✅ window.created win1 "discord"
2024-03-16T08:12:52.403Z 4: ✅ webContents.did-finish-load web1
2024-03-16T08:12:52.612Z 5: ✅ webContents.created web2 ""
2024-03-16T08:12:52.618Z 6: ✅ window.created win2 "Discord"
2024-03-16T08:12:54.253Z 7: ✅ webContents.did-finish-load web2
2024-03-16T08:12:54.353Z 8: window.close win1
2024-03-16T08:12:54.360Z 9: webContents.destroyed web1
2024-03-16T08:12:54.366Z 10: window.closed win1
2024-03-16T09:42:40.047Z 0: 

----------------------------------------------
2024-03-16T09:42:40.059Z 1: Discord starting: {"releaseChannel":"stable","version":"0.0.45"}, modulepath: /home/silas/.config/discord/0.0.45/modules
2024-03-16T09:42:40.067Z 2: ✅ webContents.created web1 ""
2024-03-16T09:42:40.074Z 3: ✅ window.created win1 "discord"
2024-03-16T09:42:40.203Z 4: ✅ webContents.did-finish-load web1
2024-03-16T09:42:40.412Z 5: ✅ webContents.created web2 ""
2024-03-16T09:42:40.423Z 6: ✅ window.created win2 "Discord"
2024-03-16T09:42:41.592Z 7: ✅ webContents.did-finish-load web2
2024-03-16T09:42:41.692Z 8: window.close win1
2024-03-16T09:42:41.701Z 9: webContents.destroyed web1
2024-03-16T09:42:41.707Z 10: window.closed win1
2024-03-16T09:43:37.852Z 0: 

----------------------------------------------
2024-03-16T10:18:33.505Z 0: 

----------------------------------------------
2024-03-16T10:18:33.525Z 1: Discord starting: {"releaseChannel":"stable","version":"0.0.45"}, modulepath: /home/silas/.config/discord/0.0.45/modules
2024-03-16T10:18:33.541Z 2: ✅ webContents.created web1 ""
2024-03-16T10:18:33.551Z 3: ✅ window.created win1 "discord"
2024-03-16T10:18:33.730Z 4: ✅ webContents.did-finish-load web1
2024-03-16T10:18:33.937Z 5: ✅ webContents.created web2 ""
2024-03-16T10:18:33.944Z 6: ✅ window.created win2 "Discord"
2024-03-16T10:18:35.293Z 7: ✅ webContents.did-finish-load web2
2024-03-16T10:18:35.393Z 8: window.close win1
2024-03-16T10:18:35.407Z 9: webContents.destroyed web1
2024-03-16T10:18:35.415Z 10: window.closed win1
2024-03-16T11:26:37.890Z 11: before-quit
2024-03-16T16:01:58.608Z 0: 

----------------------------------------------
2024-03-16T16:01:58.621Z 1: Discord starting: {"releaseChannel":"stable","version":"0.0.45"}, modulepath: /home/silas/.config/discord/0.0.45/modules
2024-03-16T16:01:58.629Z 2: ✅ webContents.created web1 ""
2024-03-16T16:01:58.636Z 3: ✅ window.created win1 "discord"
2024-03-16T16:01:58.835Z 4: ✅ webContents.did-finish-load web1
2024-03-16T16:01:59.041Z 5: ✅ webContents.created web2 ""
2024-03-16T16:01:59.048Z 6: ✅ window.created win2 "Discord"
2024-03-16T16:02:00.329Z 7: ✅ webContents.did-finish-load web2
2024-03-16T16:02:00.429Z 8: window.close win1
2024-03-16T16:02:00.436Z 9: webContents.destroyed web1
2024-03-16T16:02:00.443Z 10: window.closed win1
2024-03-16T21:41:52.610Z 11: before-quit
2024-03-16T21:41:52.628Z 12: window.close win2
2024-03-16T21:41:52.634Z 13: ❌ child-process-gone {
  type: 'GPU',
  reason: 'abnormal-exit',
  exitCode: 8704,
  serviceName: 'GPU'
}
2024-03-16T21:41:52.641Z 14: Sentry report: {"sdk":{"name":"sentry.javascript.electron","packages":[{"name":"npm:@sentry/electron","version":"4.13.0"}],"version":"4.13.0","integrations":["SentryMinidump","ElectronBreadcrumbs","Net","MainContext","ChildProcess","OnUncaughtException","PreloadInjection","AdditionalContext","Screenshots","InboundFilters","FunctionToString","Console","Http","Undici","OnUnhandledRejection","ContextLines","LocalVariables","Modules","RequestData","LinkedErrors"]},"contexts":{"trace":{"trace_id":"89e58e692d9145cb97fbb8ab0495c2a1","span_id":"988d1bbccef75108"},"app":{"app_name":"discord","app_version":"0.0.45","app_start_time":"2024-03-16T16:01:58.251Z"},"os":{"kernel_version":"6.7.6-arch1-1","name":"Arch Linux","version":"\"rolling\""},"browser":{"name":"Chrome"},"chrome":{"name":"Chrome","type":"runtime","version":"108.0.5359.215"},"device":{"arch":"x64","family":"Desktop","language":"en-US","screen_density":1,"screen_resolution":"2560x1600","memory_size":16499486720,"free_memory":4118294528,"processor_count":20,"cpu_description":"12th Gen Intel(R) Core(TM) i7-12700H","processor_frequency":1053},"node":{"name":"Node","type":"runtime","version":"16.17.1"},"runtime":{"name":"Electron","version":"22.3.26"}},"environment":"stable","release":"0.0.45","user":{"ip_address":"{{auto}}","id":"402036205165740032","username":"silasm01","email":"silasmikkelsen@outlook.com"},"tags":{"event.origin":"electron","event.environment":"javascript","event.process":"GPU","event_type":"javascript","nativeBuildNumber":"null"},"event_id":"4d46d08e67c242ddaac0f4d92b833f4e","level":"warning","message":"'GPU' process exited with 'abnormal-exit'","platform":"node","timestamp":1710625312.608,"breadcrumbs":[{"timestamp":1710604919.85,"category":"console","level":"log","message":"legacyModuleUpdater: installed-module discord_krisp 1 1 true"},{"timestamp":1710604919.855,"category":"console","level":"log","message":"legacyModuleUpdater: installed-module discord_game_utils 1 1 true"},{"timestamp":1710604919.978,"category":"console","level":"log","message":"mainScreen.UpdaterEvents: UPDATER_HISTORY_QUERY_AND_TRUNCATE"},{"timestamp":1710604920,"category":"electron","message":"renderer.dom-ready","type":"ui","data":{"id":2,"url":"https://discordapp.com/app?_=1710604919027"}},{"timestamp":1710604920.009,"category":"console","data":{"arguments":["Initializing krisp module"],"logger":"console"},"level":"info","message":"Initializing krisp module"},{"timestamp":1710604920.328,"category":"console","level":"log","message":"mainScreen.on(did-finish-load) false false"},{"timestamp":1710604920.329,"category":"console","level":"log","message":"splashScreen.pageReady"},{"timestamp":1710604920.329,"category":"electron","message":"window.show","type":"ui","data":{"id":2,"url":"https://discordapp.com/app?_=1710604919027"}},{"timestamp":1710604920.329,"category":"console","level":"log","message":"blackbox: 2024-03-16T16:02:00.329Z 7 ✅ webContents.did-finish-load web2"},{"timestamp":1710604920.375,"category":"console","level":"log","message":"mainScreen.UpdaterEvents: UPDATER_HISTORY_QUERY_AND_TRUNCATE"},{"timestamp":1710604920.394,"category":"console","level":"log","message":"mainScreen.UpdaterEvents: UPDATER_HISTORY_QUERY_AND_TRUNCATE"},{"timestamp":1710604920.429,"category":"electron","message":"window.hide","type":"ui","data":{"id":1,"url":"app:///app_bootstrap/splash/index.html"}},{"timestamp":1710604920.429,"category":"electron","message":"window.close","type":"ui","data":{"id":1,"url":"app:///app_bootstrap/splash/index.html"}},{"timestamp":1710604920.429,"category":"console","level":"log","message":"blackbox: 2024-03-16T16:02:00.429Z 8 window.close win1"},{"timestamp":1710604920.43,"category":"electron","message":"renderer.destroyed","type":"ui","data":{"id":1,"url":"app:///app_bootstrap/splash/index.html"}},{"timestamp":1710604920.431,"category":"electron","message":"window.closed","type":"ui","data":{"id":1,"url":"app:///app_bootstrap/splash/index.html"}},{"timestamp":1710604920.436,"category":"console","level":"log","message":"blackbox: 2024-03-16T16:02:00.436Z 9 webContents.destroyed web1"},{"timestamp":1710604920.443,"category":"console","level":"log","message":"blackbox: 2024-03-16T16:02:00.443Z 10 window.closed win1"},{"timestamp":1710604920.532,"category":"console","level":"log","message":"mainScreen.UpdaterEvents: CHECK_FOR_UPDATES UPDATE_NOT_AVAILABLE"},{"timestamp":1710604920.533,"category":"console","level":"log","message":"2024-03-16T16:02:00.533Z [Modules] Checking for host updates."},{"timestamp":1710604920.576,"category":"console","level":"log","message":"legacyModuleUpdater: installed-module discord_rpc 1 1 true"},{"timestamp":1710604920.626,"category":"console","level":"log","message":"mainScreen.UpdaterEvents: UPDATER_HISTORY_QUERY_AND_TRUNCATE"},{"timestamp":1710604920.699,"type":"http","category":"electron.net","data":{"url":"https://discord.com/api/updates/stable?platform=linux&version=0.0.45","method":"GET","status_code":204}},{"timestamp":1710604920.7,"category":"console","level":"log","message":"2024-03-16T16:02:00.700Z [Modules] Host is up to date."},{"timestamp":1710604920.7,"category":"console","level":"log","message":"2024-03-16T16:02:00.700Z [Modules] Checking for module updates at https://discord.com/api/modules/stable/versions.json"},{"timestamp":1710604920.703,"type":"http","category":"electron.net","data":{"url":"https://discord.com/api/modules/stable/versions.json?host_version=0.0.45&platform=linux&_=5702016","method":"GET","status_code":200}},{"timestamp":1710604920.704,"category":"console","level":"log","message":"2024-03-16T16:02:00.704Z [Modules] No module updates available."},{"timestamp":1710604920.704,"category":"console","level":"log","message":"legacyModuleUpdater: update-check-finished"},{"timestamp":1710605066.721,"category":"electron","message":"window.focus","type":"ui","data":{"id":2,"url":"https://discordapp.com/channels/@me"}},{"timestamp":1710605066.721,"category":"electron","message":"app.browser-window-focus","type":"ui"},{"timestamp":1710605069.502,"category":"electron","message":"window.blur","type":"ui","data":{"id":2,"url":"https://discordapp.com/channels/@me"}},{"timestamp":1710605069.502,"category":"electron","message":"app.browser-window-blur","type":"ui"},{"timestamp":1710605069.688,"category":"electron","message":"window.focus","type":"ui","data":{"id":2,"url":"https://discordapp.com/channels/@me"}},{"timestamp":1710605069.689,"category":"electron","message":"app.browser-window-focus","type":"ui"},{"timestamp":1710605070.398,"category":"ui.click","message":"div.wrapper_d281dd.selected_f5ec8e[aria-label=\"  Child Po Enjoyer\"]"},{"timestamp":1710605074.791,"category":"ui.click","message":"ol.scrollerInner__059a5[aria-label=\"Messages in skole\"]"},{"timestamp":1710605080.928,"category":"electron","message":"window.blur","type":"ui","data":{"id":2,"url":"https://discordapp.com/channels/1033998203198124052/1034348112577310770"}},{"timestamp":1710605080.928,"category":"electron","message":"app.browser-window-blur","type":"ui"},{"timestamp":1710606509.569,"category":"electron","message":"window.focus","type":"ui","data":{"id":2,"url":"https://discordapp.com/channels/1033998203198124052/1034348112577310770"}},{"timestamp":1710606509.569,"category":"electron","message":"app.browser-window-focus","type":"ui"},{"timestamp":1710606510.596,"category":"electron","message":"window.blur","type":"ui","data":{"id":2,"url":"https://discordapp.com/channels/1033998203198124052/1034348112577310770"}},{"timestamp":1710606510.596,"category":"electron","message":"app.browser-window-blur","type":"ui"},{"timestamp":1710608520.533,"category":"console","level":"log","message":"mainScreen.UpdaterEvents: CHECK_FOR_UPDATES UPDATE_NOT_AVAILABLE"},{"timestamp":1710608520.534,"category":"console","level":"log","message":"2024-03-16T17:02:00.534Z [Modules] Checking for host updates."},{"timestamp":1710608520.725,"type":"http","category":"electron.net","data":{"url":"https://discord.com/api/updates/stable?platform=linux&version=0.0.45","method":"GET","status_code":204}},{"timestamp":1710608520.726,"category":"console","level":"log","message":"2024-03-16T17:02:00.726Z [Modules] Host is up to date."},{"timestamp":1710608520.726,"category":"console","level":"log","message":"2024-03-16T17:02:00.726Z [Modules] Checking for module updates at https://discord.com/api/modules/stable/versions.json"},{"timestamp":1710608520.755,"type":"http","category":"electron.net","data":{"url":"https://discord.com/api/modules/stable/versions.json?host_version=0.0.45&platform=linux&_=5702028","method":"GET","status_code":200}},{"timestamp":1710608520.755,"category":"console","level":"log","message":"2024-03-16T17:02:00.755Z [Modules] No module updates available."},{"timestamp":1710608520.755,"category":"console","level":"log","message":"legacyModuleUpdater: update-check-finished"},{"timestamp":1710612120.533,"category":"console","level":"log","message":"mainScreen.UpdaterEvents: CHECK_FOR_UPDATES UPDATE_NOT_AVAILABLE"},{"timestamp":1710612120.534,"category":"console","level":"log","message":"2024-03-16T18:02:00.534Z [Modules] Checking for host updates."},{"timestamp":1710612120.865,"type":"http","category":"electron.net","data":{"url":"https://discord.com/api/updates/stable?platform=linux&version=0.0.45","method":"GET","status_code":204}},{"timestamp":1710612120.866,"category":"console","level":"log","message":"2024-03-16T18:02:00.866Z [Modules] Host is up to date."},{"timestamp":1710612120.867,"category":"console","level":"log","message":"2024-03-16T18:02:00.867Z [Modules] Checking for module updates at https://discord.com/api/modules/stable/versions.json"},{"timestamp":1710612120.892,"type":"http","category":"electron.net","data":{"url":"https://discord.com/api/modules/stable/versions.json?host_version=0.0.45&platform=linux&_=5702040","method":"GET","status_code":200}},{"timestamp":1710612120.893,"category":"console","level":"log","message":"2024-03-16T18:02:00.893Z [Modules] No module updates available."},{"timestamp":1710612120.893,"category":"console","level":"log","message":"legacyModuleUpdater: update-check-finished"},{"timestamp":1710615720.533,"category":"console","level":"log","message":"mainScreen.UpdaterEvents: CHECK_FOR_UPDATES UPDATE_NOT_AVAILABLE"},{"timestamp":1710615720.534,"category":"console","level":"log","message":"2024-03-16T19:02:00.534Z [Modules] Checking for host updates."},{"timestamp":1710615720.733,"type":"http","category":"electron.net","data":{"url":"https://discord.com/api/updates/stable?platform=linux&version=0.0.45","method":"GET","status_code":204}},{"timestamp":1710615720.735,"category":"console","level":"log","message":"2024-03-16T19:02:00.735Z [Modules] Host is up to date."},{"timestamp":1710615720.735,"category":"console","level":"log","message":"2024-03-16T19:02:00.735Z [Modules] Checking for module updates at https://discord.com/api/modules/stable/versions.json"},{"timestamp":1710615720.764,"type":"http","category":"electron.net","data":{"url":"https://discord.com/api/modules/stable/versions.json?host_version=0.0.45&platform=linux&_=5702052","method":"GET","status_code":200}},{"timestamp":1710615720.767,"category":"console","level":"log","message":"2024-03-16T19:02:00.767Z [Modules] No module updates available."},{"timestamp":1710615720.768,"category":"console","level":"log","message":"legacyModuleUpdater: update-check-finished"},{"timestamp":1710619320.535,"category":"console","level":"log","message":"mainScreen.UpdaterEvents: CHECK_FOR_UPDATES UPDATE_NOT_AVAILABLE"},{"timestamp":1710619320.536,"category":"console","level":"log","message":"2024-03-16T20:02:00.536Z [Modules] Checking for host updates."},{"timestamp":1710619320.823,"type":"http","category":"electron.net","data":{"url":"https://discord.com/api/updates/stable?platform=linux&version=0.0.45","method":"GET","status_code":204}},{"timestamp":1710619320.824,"category":"console","level":"log","message":"2024-03-16T20:02:00.824Z [Modules] Host is up to date."},{"timestamp":1710619320.824,"category":"console","level":"log","message":"2024-03-16T20:02:00.824Z [Modules] Checking for module updates at https://discord.com/api/modules/stable/versions.json"},{"timestamp":1710619320.848,"type":"http","category":"electron.net","data":{"url":"https://discord.com/api/modules/stable/versions.json?host_version=0.0.45&platform=linux&_=5702064","method":"GET","status_code":200}},{"timestamp":1710619320.85,"category":"console","level":"log","message":"2024-03-16T20:02:00.850Z [Modules] No module updates available."},{"timestamp":1710619320.85,"category":"console","level":"log","message":"legacyModuleUpdater: update-check-finished"},{"timestamp":1710620958.119,"category":"electron","message":"window.focus","type":"ui","data":{"id":2,"url":"https://discordapp.com/channels/1033998203198124052/1034348112577310770"}},{"timestamp":1710620958.123,"category":"electron","message":"app.browser-window-focus","type":"ui"},{"timestamp":1710620959.726,"category":"electron","message":"window.blur","type":"ui","data":{"id":2,"url":"https://discordapp.com/channels/1033998203198124052/1034348112577310770"}},{"timestamp":1710620959.726,"category":"electron","message":"app.browser-window-blur","type":"ui"},{"timestamp":1710622354.722,"category":"electron","message":"window.focus","type":"ui","data":{"id":2,"url":"https://discordapp.com/channels/1033998203198124052/1034348112577310770"}},{"timestamp":1710622354.722,"category":"electron","message":"app.browser-window-focus","type":"ui"},{"timestamp":1710622355.727,"category":"electron","message":"window.blur","type":"ui","data":{"id":2,"url":"https://discordapp.com/channels/1033998203198124052/1034348112577310770"}},{"timestamp":1710622355.727,"category":"electron","message":"app.browser-window-blur","type":"ui"},{"timestamp":1710622920.533,"category":"console","level":"log","message":"mainScreen.UpdaterEvents: CHECK_FOR_UPDATES UPDATE_NOT_AVAILABLE"},{"timestamp":1710622920.534,"category":"console","level":"log","message":"2024-03-16T21:02:00.534Z [Modules] Checking for host updates."},{"timestamp":1710622920.823,"type":"http","category":"electron.net","data":{"url":"https://discord.com/api/updates/stable?platform=linux&version=0.0.45","method":"GET","status_code":204}},{"timestamp":1710622920.823,"category":"console","level":"log","message":"2024-03-16T21:02:00.823Z [Modules] Host is up to date."},{"timestamp":1710622920.823,"category":"console","level":"log","message":"2024-03-16T21:02:00.823Z [Modules] Checking for module updates at https://discord.com/api/modules/stable/versions.json"},{"timestamp":1710622920.967,"type":"http","category":"electron.net","data":{"url":"https://discord.com/api/modules/stable/versions.json?host_version=0.0.45&platform=linux&_=5702076","method":"GET","status_code":200}},{"timestamp":1710622920.968,"category":"console","level":"log","message":"2024-03-16T21:02:00.968Z [Modules] No module updates available."},{"timestamp":1710622920.968,"category":"console","level":"log","message":"legacyModuleUpdater: update-check-finished"},{"timestamp":1710622935.515,"category":"electron","message":"window.focus","type":"ui","data":{"id":2,"url":"https://discordapp.com/channels/1033998203198124052/1034348112577310770"}},{"timestamp":1710622935.515,"category":"electron","message":"app.browser-window-focus","type":"ui"},{"timestamp":1710622936.325,"category":"electron","message":"window.blur","type":"ui","data":{"id":2,"url":"https://discordapp.com/channels/1033998203198124052/1034348112577310770"}},{"timestamp":1710622936.325,"category":"electron","message":"app.browser-window-blur","type":"ui"},{"timestamp":1710625312.606,"category":"electron","message":"app.child-process-gone","type":"ui"},{"timestamp":1710625312.606,"category":"console","level":"warning","message":"(electron) 'gpu-process-crashed event' is deprecated and will be removed. Please use 'child-process-gone event' instead."},{"timestamp":1710625312.606,"category":"electron","message":"app.gpu-process-crashed","type":"ui"},{"timestamp":1710625312.606,"category":"electron","message":"app.before-quit","type":"ui"},{"timestamp":1710625312.607,"category":"console","level":"error","message":"notificationScreen.webContentsSend: win is invalid undefined."},{"timestamp":1710625312.607,"category":"electron","message":"window.close","type":"ui","data":{"id":2,"url":"https://discordapp.com/channels/1033998203198124052/1034348112577310770"}}],"sdkProcessingMetadata":{"dynamicSamplingContext":{"environment":"stable","release":"0.0.45","public_key":"67a1d187a8602d62872a3d880e723741","trace_id":"89e58e692d9145cb97fbb8ab0495c2a1"},"propagationContext":{"traceId":"89e58e692d9145cb97fbb8ab0495c2a1","spanId":"988d1bbccef75108"}},"modules":{"mkdirp":"0.5.5","rimraf":"2.7.1","glob":"7.1.7","fs.realpath":"1.0.0","minimatch":"3.1.2","brace-expansion":"1.1.11","concat-map":"0.0.1","balanced-match":"1.0.2","inherits":"2.0.4","path-is-absolute":"1.0.1","inflight":"1.0.6","wrappy":"1.0.2","once":"1.4.0","yauzl":"2.10.0","fd-slicer":"1.1.0","pend":"1.2.0","buffer-crc32":"0.2.13","request":"2.88.0","extend":"3.0.2","tough-cookie":"2.4.3","psl":"1.8.0","json-stringify-safe":"5.0.1","safe-buffer":"5.2.1","aws-sign2":"0.7.0","aws4":"1.11.0","http-signature":"1.2.0","assert-plus":"1.0.0","sshpk":"1.16.1","safer-buffer":"2.1.2","asn1":"0.2.4","ecc-jsbn":"0.1.2","jsbn":"0.1.1","tweetnacl":"0.14.5","jsprim":"1.4.1","extsprintf":"1.3.0","verror":"1.10.0","core-util-is":"1.0.2","json-schema":"0.2.3","mime-types":"2.1.32","mime-db":"1.49.0","caseless":"0.12.0","forever-agent":"0.6.1","form-data":"2.3.3","combined-stream":"1.0.8","delayed-stream":"1.0.0","asynckit":"0.4.0","isstream":"0.1.2","is-typedarray":"1.0.0","qs":"6.5.3","har-validator":"5.1.5","ajv":"6.12.6","uri-js":"4.4.1","fast-deep-equal":"3.1.3","json-schema-traverse":"0.4.1","fast-json-stable-stringify":"2.1.0","har-schema":"2.0.0","uuid":"3.4.0","oauth-sign":"0.9.0","tunnel-agent":"0.6.0","performance-now":"2.1.0","arch":"2.2.0","https-proxy-agent":"5.0.1","ms":"2.1.2","agent-base":"6.0.2","lru_map":"0.3.3","cookie":"0.5.0","deepmerge":"4.3.0"},"extra":{"release_channel":"stable","sentry":{"environment":"stable","release":"0.0.45","user":{"id":"402036205165740032","username":"silasm01","email":"silasmikkelsen@outlook.com"}},"wm":"unknown,unknown","distro":"\"Arch Linux\"","nativeBuildNumber":"null","user_id":"402036205165740032","username":"silasm01","email":"silasmikkelsen@outlook.com"}}
2024-03-16T21:41:52.877Z 15: webContents.destroyed web2
2024-03-16T22:41:54.866Z 0: 

----------------------------------------------
2024-03-16T22:41:54.884Z 1: Discord starting: {"releaseChannel":"stable","version":"0.0.45"}, modulepath: /home/silas/.config/discord/0.0.45/modules
2024-03-16T22:41:54.891Z 2: ✅ webContents.created web1 ""
2024-03-16T22:41:54.898Z 3: ✅ window.created win1 "discord"
2024-03-16T22:41:55.032Z 4: ✅ webContents.did-finish-load web1
2024-03-16T22:41:55.276Z 5: ✅ webContents.created web2 ""
2024-03-16T22:41:55.292Z 6: ✅ window.created win2 "Discord"
2024-03-16T22:41:56.985Z 7: ✅ webContents.did-finish-load web2
2024-03-16T22:41:57.083Z 8: window.close win1
2024-03-16T22:41:57.099Z 9: webContents.destroyed web1
2024-03-16T22:41:57.108Z 10: window.closed win1
2024-03-16T22:41:58.033Z 11: ✅ webContents.did-finish-load web2
2024-03-16T23:20:59.686Z 12: before-quit
2024-03-17T08:45:23.677Z 0: 

----------------------------------------------
2024-03-17T08:45:23.692Z 1: Discord starting: {"releaseChannel":"stable","version":"0.0.45"}, modulepath: /home/silas/.config/discord/0.0.45/modules
2024-03-17T08:45:23.699Z 2: ✅ webContents.created web1 ""
2024-03-17T08:45:23.706Z 3: ✅ window.created win1 "discord"
2024-03-17T08:45:23.871Z 4: ✅ webContents.did-finish-load web1
2024-03-17T08:45:24.080Z 5: ✅ webContents.created web2 ""
2024-03-17T08:45:24.087Z 6: ✅ window.created win2 "Discord"
2024-03-17T08:45:25.145Z 7: ✅ webContents.did-finish-load web2
2024-03-17T08:45:25.245Z 8: window.close win1
2024-03-17T08:45:25.251Z 9: webContents.destroyed web1
2024-03-17T08:45:25.258Z 10: window.closed win1
2024-03-17T08:58:31.911Z 11: before-quit
2024-03-17T08:58:31.924Z 12: window.close win2
2024-03-17T08:58:31.932Z 13: ❌ child-process-gone {
  type: 'GPU',
  reason: 'abnormal-exit',
  exitCode: 8704,
  serviceName: 'GPU'
}
2024-03-17T08:58:31.939Z 14: Sentry report: {"sdk":{"name":"sentry.javascript.electron","packages":[{"name":"npm:@sentry/electron","version":"4.13.0"}],"version":"4.13.0","integrations":["SentryMinidump","ElectronBreadcrumbs","Net","MainContext","ChildProcess","OnUncaughtException","PreloadInjection","AdditionalContext","Screenshots","InboundFilters","FunctionToString","Console","Http","Undici","OnUnhandledRejection","ContextLines","LocalVariables","Modules","RequestData","LinkedErrors"]},"contexts":{"trace":{"trace_id":"4bfffa4a2a584d59b0a6fc342b697090","span_id":"b4d6a3e47d9ca155"},"app":{"app_name":"discord","app_version":"0.0.45","app_start_time":"2024-03-17T08:45:23.357Z"},"os":{"kernel_version":"6.7.6-arch1-1","name":"Arch Linux","version":"\"rolling\""},"browser":{"name":"Chrome"},"chrome":{"name":"Chrome","type":"runtime","version":"108.0.5359.215"},"device":{"arch":"x64","family":"Desktop","language":"en-US","screen_density":1,"screen_resolution":"2560x1600","memory_size":16499482624,"free_memory":6433636352,"processor_count":20,"cpu_description":"12th Gen Intel(R) Core(TM) i7-12700H","processor_frequency":1049},"node":{"name":"Node","type":"runtime","version":"16.17.1"},"runtime":{"name":"Electron","version":"22.3.26"}},"environment":"stable","release":"0.0.45","user":{"ip_address":"{{auto}}","id":"402036205165740032","username":"silasm01","email":"silasmikkelsen@outlook.com"},"tags":{"event.origin":"electron","event.environment":"javascript","event.process":"GPU","event_type":"javascript","nativeBuildNumber":"null"},"event_id":"bb24dfe390784096b9e1ac985c7b0675","level":"warning","message":"'GPU' process exited with 'abnormal-exit'","platform":"node","timestamp":1710665911.91,"breadcrumbs":[{"timestamp":1710665123.564,"category":"console","level":"log","message":"Discord 0.0.45"},{"timestamp":1710665123.638,"category":"electron","message":"app.will-finish-launching","type":"ui"},{"timestamp":1710665123.643,"category":"electron","message":"app.ready","type":"ui"},{"timestamp":1710665123.654,"category":"electron","message":"app.session-created","type":"ui"},{"timestamp":1710665123.655,"category":"console","level":"log","message":"Starting app."},{"timestamp":1710665123.657,"category":"console","level":"log","message":"Starting updater."},{"timestamp":1710665123.657,"category":"console","level":"log","message":"2024-03-17T08:45:23.657Z [Modules] Modules initializing"},{"timestamp":1710665123.657,"category":"console","level":"log","message":"2024-03-17T08:45:23.657Z [Modules] Distribution: remote"},{"timestamp":1710665123.658,"category":"console","level":"log","message":"2024-03-17T08:45:23.658Z [Modules] Host updates: enabled"},{"timestamp":1710665123.658,"category":"console","level":"log","message":"2024-03-17T08:45:23.658Z [Modules] Module updates: enabled"},{"timestamp":1710665123.658,"category":"console","level":"log","message":"2024-03-17T08:45:23.658Z [Modules] Module install path: /home/silas/.config/discord/0.0.45/modules"},{"timestamp":1710665123.658,"category":"console","level":"log","message":"2024-03-17T08:45:23.658Z [Modules] Module installed file path: /home/silas/.config/discord/0.0.45/modules/installed.json"},{"timestamp":1710665123.658,"category":"console","level":"log","message":"2024-03-17T08:45:23.658Z [Modules] Module download path: /home/silas/.config/discord/0.0.45/modules/pending"},{"timestamp":1710665123.659,"category":"console","level":"log","message":"splashScreen.initSplash(false)"},{"timestamp":1710665123.669,"category":"electron","message":"app.web-contents-created","type":"ui"},{"timestamp":1710665123.67,"category":"electron","message":"app.browser-window-created","type":"ui"},{"timestamp":1710665123.676,"category":"electron","message":"renderer.load-url","type":"ui","data":{}},{"timestamp":1710665123.677,"category":"console","level":"log","message":"blackbox: 2024-03-17T08:45:23.677Z 0 \n\n----------------------------------------------"},{"timestamp":1710665123.692,"category":"console","level":"log","message":"blackbox: 2024-03-17T08:45:23.692Z 1 Discord starting: {\"releaseChannel\":\"stable\",\"version\":\"0.0.45\"}, modulepath: /home/silas/.config/discord/0.0.45/modules"},{"timestamp":1710665123.699,"category":"console","level":"log","message":"blackbox: 2024-03-17T08:45:23.699Z 2 ✅ webContents.created web1 \"\""},{"timestamp":1710665123.703,"category":"electron","message":"app.gpu-info-update","type":"ui"},{"timestamp":1710665123.706,"category":"console","level":"log","message":"blackbox: 2024-03-17T08:45:23.706Z 3 ✅ window.created win1 \"discord\""},{"timestamp":1710665123.793,"category":"console","level":"log","message":"splashScreen: SPLASH_SCREEN_READY"},{"timestamp":1710665123.794,"category":"console","level":"log","message":"splashScreen.webContentsSend: SPLASH_SCREEN_QUOTE SPLASH_SCREEN_QUOTE [ 'Hold Tight — Loading Discord' ]"},{"timestamp":1710665123.795,"category":"electron","message":"window.show","type":"ui","data":{"id":1,"url":"app:///app_bootstrap/splash/index.html"}},{"timestamp":1710665123.795,"category":"console","level":"log","message":"2024-03-17T08:45:23.795Z [Modules] No updates to install"},{"timestamp":1710665123.796,"category":"console","level":"log","message":"splashScreen: no-pending-updates"},{"timestamp":1710665123.796,"category":"console","level":"log","message":"2024-03-17T08:45:23.796Z [Modules] Checking for host updates."},{"timestamp":1710665123.796,"category":"console","level":"log","message":"splashScreen: checking-for-updates"},{"timestamp":1710665123.796,"category":"console","level":"log","message":"splashScreen.updateSplashState checking-for-updates checking-for-updates {}"},{"timestamp":1710665123.797,"category":"console","level":"log","message":"splashScreen.webContentsSend: SPLASH_UPDATE_STATE SPLASH_UPDATE_STATE [ { status: 'checking-for-updates' } ]"},{"timestamp":1710665123.83,"category":"electron","message":"renderer.dom-ready","type":"ui","data":{"id":1,"url":"app:///app_bootstrap/splash/index.html"}},{"timestamp":1710665123.872,"category":"console","level":"log","message":"blackbox: 2024-03-17T08:45:23.871Z 4 ✅ webContents.did-finish-load web1"},{"timestamp":1710665124.006,"type":"http","category":"electron.net","data":{"url":"https://discord.com/api/updates/stable?platform=linux&version=0.0.45","method":"GET","status_code":204}},{"timestamp":1710665124.007,"category":"console","level":"log","message":"2024-03-17T08:45:24.007Z [Modules] Host is up to date."},{"timestamp":1710665124.007,"category":"console","level":"log","message":"2024-03-17T08:45:24.007Z [Modules] Checking for module updates at https://discord.com/api/modules/stable/versions.json"},{"timestamp":1710665124.028,"type":"http","category":"electron.net","data":{"url":"https://discord.com/api/modules/stable/versions.json?host_version=0.0.45&platform=linux&_=5702217","method":"GET","status_code":200}},{"timestamp":1710665124.03,"category":"console","level":"log","message":"2024-03-17T08:45:24.030Z [Modules] No module updates available."},{"timestamp":1710665124.03,"category":"console","level":"log","message":"splashScreen: update-check-finished true 0 false"},{"timestamp":1710665124.03,"category":"console","level":"log","message":"splashScreen.launchMainWindow: false"},{"timestamp":1710665124.065,"category":"electron","message":"powerMonitor.newListener","type":"ui"},{"timestamp":1710665124.07,"category":"electron","message":"app.web-contents-created","type":"ui"},{"timestamp":1710665124.073,"category":"electron","message":"app.browser-window-created","type":"ui"},{"timestamp":1710665124.073,"category":"console","level":"log","message":"Optional module ./ElectronTestRpc was not included."},{"timestamp":1710665124.079,"category":"electron","message":"renderer.load-url","type":"ui","data":{}},{"timestamp":1710665124.08,"category":"console","level":"log","message":"splashScreen.updateSplashState launching launching {}"},{"timestamp":1710665124.08,"category":"console","level":"log","message":"splashScreen.webContentsSend: SPLASH_UPDATE_STATE SPLASH_UPDATE_STATE [ { status: 'launching' } ]"},{"timestamp":1710665124.08,"category":"electron","message":"powerMonitor.newListener","type":"ui"},{"timestamp":1710665124.08,"category":"console","level":"log","message":"blackbox: 2024-03-17T08:45:24.080Z 5 ✅ webContents.created web2 \"\""},{"timestamp":1710665124.087,"category":"console","level":"log","message":"blackbox: 2024-03-17T08:45:24.087Z 6 ✅ window.created win2 \"Discord\""},{"timestamp":1710665124.642,"category":"console","data":{"arguments":["Initializing voice engine with audio subsystem: false"],"logger":"console"},"level":"log","message":"Initializing voice engine with audio subsystem: false"},{"timestamp":1710665124.724,"category":"console","level":"log","message":"legacyModuleUpdater: installed-module discord_krisp 1 1 true"},{"timestamp":1710665124.726,"category":"console","level":"log","message":"legacyModuleUpdater: installed-module discord_game_utils 1 1 true"},{"timestamp":1710665124.773,"category":"console","level":"log","message":"mainScreen.UpdaterEvents: UPDATER_HISTORY_QUERY_AND_TRUNCATE"},{"timestamp":1710665124.797,"category":"electron","message":"renderer.dom-ready","type":"ui","data":{"id":2,"url":"https://discord.com/app?_=1710665124062"}},{"timestamp":1710665124.805,"category":"console","data":{"arguments":["Initializing krisp module"],"logger":"console"},"level":"info","message":"Initializing krisp module"},{"timestamp":1710665125.144,"category":"console","level":"log","message":"mainScreen.on(did-finish-load) false false"},{"timestamp":1710665125.144,"category":"console","level":"log","message":"splashScreen.pageReady"},{"timestamp":1710665125.144,"category":"electron","message":"window.show","type":"ui","data":{"id":2,"url":"https://discord.com/app?_=1710665124062"}},{"timestamp":1710665125.145,"category":"console","level":"log","message":"blackbox: 2024-03-17T08:45:25.145Z 7 ✅ webContents.did-finish-load web2"},{"timestamp":1710665125.172,"category":"console","level":"log","message":"mainScreen.UpdaterEvents: UPDATER_HISTORY_QUERY_AND_TRUNCATE"},{"timestamp":1710665125.192,"category":"console","level":"log","message":"mainScreen.UpdaterEvents: UPDATER_HISTORY_QUERY_AND_TRUNCATE"},{"timestamp":1710665125.244,"category":"electron","message":"window.hide","type":"ui","data":{"id":1,"url":"app:///app_bootstrap/splash/index.html"}},{"timestamp":1710665125.244,"category":"electron","message":"window.close","type":"ui","data":{"id":1,"url":"app:///app_bootstrap/splash/index.html"}},{"timestamp":1710665125.245,"category":"console","level":"log","message":"blackbox: 2024-03-17T08:45:25.245Z 8 window.close win1"},{"timestamp":1710665125.245,"category":"electron","message":"renderer.destroyed","type":"ui","data":{"id":1,"url":"app:///app_bootstrap/splash/index.html"}},{"timestamp":1710665125.246,"category":"electron","message":"window.closed","type":"ui","data":{"id":1,"url":"app:///app_bootstrap/splash/index.html"}},{"timestamp":1710665125.251,"category":"console","level":"log","message":"blackbox: 2024-03-17T08:45:25.251Z 9 webContents.destroyed web1"},{"timestamp":1710665125.258,"category":"console","level":"log","message":"blackbox: 2024-03-17T08:45:25.258Z 10 window.closed win1"},{"timestamp":1710665125.277,"category":"console","level":"log","message":"mainScreen.UpdaterEvents: CHECK_FOR_UPDATES UPDATE_NOT_AVAILABLE"},{"timestamp":1710665125.277,"category":"console","level":"log","message":"2024-03-17T08:45:25.277Z [Modules] Checking for host updates."},{"timestamp":1710665125.295,"category":"console","level":"log","message":"legacyModuleUpdater: installed-module discord_rpc 1 1 true"},{"timestamp":1710665125.344,"category":"console","level":"log","message":"mainScreen.UpdaterEvents: UPDATER_HISTORY_QUERY_AND_TRUNCATE"},{"timestamp":1710665126.301,"type":"http","category":"electron.net","data":{"url":"https://discord.com/api/updates/stable?platform=linux&version=0.0.45","method":"GET","status_code":204}},{"timestamp":1710665126.302,"category":"console","level":"log","message":"2024-03-17T08:45:26.302Z [Modules] Host is up to date."},{"timestamp":1710665126.302,"category":"console","level":"log","message":"2024-03-17T08:45:26.302Z [Modules] Checking for module updates at https://discord.com/api/modules/stable/versions.json"},{"timestamp":1710665126.303,"type":"http","category":"electron.net","data":{"url":"https://discord.com/api/modules/stable/versions.json?host_version=0.0.45&platform=linux&_=5702217","method":"GET","status_code":200}},{"timestamp":1710665126.303,"category":"console","level":"log","message":"2024-03-17T08:45:26.303Z [Modules] No module updates available."},{"timestamp":1710665126.304,"category":"console","level":"log","message":"legacyModuleUpdater: update-check-finished"},{"timestamp":1710665911.908,"category":"electron","message":"app.child-process-gone","type":"ui"},{"timestamp":1710665911.908,"category":"console","level":"warning","message":"(electron) 'gpu-process-crashed event' is deprecated and will be removed. Please use 'child-process-gone event' instead."},{"timestamp":1710665911.908,"category":"electron","message":"app.gpu-process-crashed","type":"ui"},{"timestamp":1710665911.908,"category":"electron","message":"app.before-quit","type":"ui"},{"timestamp":1710665911.909,"category":"console","level":"error","message":"notificationScreen.webContentsSend: win is invalid undefined."},{"timestamp":1710665911.909,"category":"electron","message":"window.close","type":"ui","data":{"id":2,"url":"https://discord.com/channels/@me"}}],"sdkProcessingMetadata":{"dynamicSamplingContext":{"environment":"stable","release":"0.0.45","public_key":"67a1d187a8602d62872a3d880e723741","trace_id":"4bfffa4a2a584d59b0a6fc342b697090"},"propagationContext":{"traceId":"4bfffa4a2a584d59b0a6fc342b697090","spanId":"b4d6a3e47d9ca155"}},"modules":{"mkdirp":"0.5.5","rimraf":"2.7.1","glob":"7.1.7","fs.realpath":"1.0.0","minimatch":"3.1.2","brace-expansion":"1.1.11","concat-map":"0.0.1","balanced-match":"1.0.2","inherits":"2.0.4","path-is-absolute":"1.0.1","inflight":"1.0.6","wrappy":"1.0.2","once":"1.4.0","yauzl":"2.10.0","fd-slicer":"1.1.0","pend":"1.2.0","buffer-crc32":"0.2.13","request":"2.88.0","extend":"3.0.2","tough-cookie":"2.4.3","psl":"1.8.0","json-stringify-safe":"5.0.1","safe-buffer":"5.2.1","aws-sign2":"0.7.0","aws4":"1.11.0","http-signature":"1.2.0","assert-plus":"1.0.0","sshpk":"1.16.1","safer-buffer":"2.1.2","asn1":"0.2.4","ecc-jsbn":"0.1.2","jsbn":"0.1.1","tweetnacl":"0.14.5","jsprim":"1.4.1","extsprintf":"1.3.0","verror":"1.10.0","core-util-is":"1.0.2","json-schema":"0.2.3","mime-types":"2.1.32","mime-db":"1.49.0","caseless":"0.12.0","forever-agent":"0.6.1","form-data":"2.3.3","combined-stream":"1.0.8","delayed-stream":"1.0.0","asynckit":"0.4.0","isstream":"0.1.2","is-typedarray":"1.0.0","qs":"6.5.3","har-validator":"5.1.5","ajv":"6.12.6","uri-js":"4.4.1","fast-deep-equal":"3.1.3","json-schema-traverse":"0.4.1","fast-json-stable-stringify":"2.1.0","har-schema":"2.0.0","uuid":"3.4.0","oauth-sign":"0.9.0","tunnel-agent":"0.6.0","performance-now":"2.1.0","arch":"2.2.0","https-proxy-agent":"5.0.1","ms":"2.1.2","agent-base":"6.0.2","lru_map":"0.3.3","cookie":"0.5.0","deepmerge":"4.3.0"},"extra":{"release_channel":"stable","sentry":{"environment":"stable","release":"0.0.45","user":{"id":"402036205165740032","username":"silasm01","email":"silasmikkelsen@outlook.com"}},"wm":"unknown,unknown","distro":"\"Arch Linux\"","nativeBuildNumber":"null","user_id":"402036205165740032","username":"silasm01","email":"silasmikkelsen@outlook.com"}}
2024-03-17T08:58:32.068Z 15: webContents.destroyed web2
2024-03-17T09:09:01.275Z 0: 

----------------------------------------------
2024-03-17T09:09:01.296Z 1: Discord starting: {"releaseChannel":"stable","version":"0.0.45"}, modulepath: /home/silas/.config/discord/0.0.45/modules
2024-03-17T09:09:01.303Z 2: ✅ webContents.created web1 ""
2024-03-17T09:09:01.311Z 3: ✅ window.created win1 "discord"
2024-03-17T09:09:01.438Z 4: ✅ webContents.did-finish-load web1
2024-03-17T09:09:01.773Z 5: ✅ webContents.created web2 ""
2024-03-17T09:09:01.784Z 6: ✅ window.created win2 "Discord"
2024-03-17T09:09:02.862Z 7: ✅ webContents.did-finish-load web2
2024-03-17T09:09:02.961Z 8: window.close win1
2024-03-17T09:09:02.970Z 9: webContents.destroyed web1
2024-03-17T09:09:02.976Z 10: window.closed win1
2024-03-17T14:19:59.087Z 0: 

----------------------------------------------
2024-03-17T14:19:59.096Z 1: Discord starting: {"releaseChannel":"stable","version":"0.0.45"}, modulepath: /home/silas/.config/discord/0.0.45/modules
2024-03-17T18:22:35.292Z 0: 

----------------------------------------------
2024-03-17T18:22:56.277Z 0: 

----------------------------------------------
2024-03-17T18:22:56.287Z 1: Discord starting: {"releaseChannel":"stable","version":"0.0.45"}, modulepath: /home/silas/.config/discord/0.0.45/modules
2024-03-17T18:23:06.618Z 0: 

----------------------------------------------
2024-03-17T18:23:06.626Z 1: Discord starting: {"releaseChannel":"stable","version":"0.0.45"}, modulepath: /home/silas/.config/discord/0.0.45/modules
2024-03-17T20:26:07.602Z 11: before-quit
2024-03-18T06:57:29.355Z 0: 

----------------------------------------------
2024-03-18T06:57:29.371Z 1: Discord starting: {"releaseChannel":"stable","version":"0.0.45"}, modulepath: /home/silas/.config/discord/0.0.45/modules
2024-03-18T06:57:29.379Z 2: ✅ webContents.created web1 ""
2024-03-18T06:57:29.385Z 3: ✅ window.created win1 "discord"
2024-03-18T06:57:29.545Z 4: ✅ webContents.did-finish-load web1
2024-03-18T06:57:29.750Z 5: ✅ webContents.created web2 ""
2024-03-18T06:57:29.757Z 6: ✅ window.created win2 "Discord"
2024-03-18T06:57:30.936Z 7: ✅ webContents.did-finish-load web2
2024-03-18T06:57:31.035Z 8: window.close win1
2024-03-18T06:57:31.044Z 9: webContents.destroyed web1
2024-03-18T06:57:31.051Z 10: window.closed win1
2024-03-18T07:07:48.462Z 0: 

----------------------------------------------
2024-03-18T11:54:19.895Z 11: before-quit
2024-03-18T18:26:13.174Z 0: 

----------------------------------------------
2024-03-18T18:26:13.200Z 1: Discord starting: {"releaseChannel":"stable","version":"0.0.45"}, modulepath: /home/silas/.config/discord/0.0.45/modules
2024-03-18T18:26:13.207Z 2: ✅ webContents.created web1 ""
2024-03-18T18:26:13.214Z 3: ✅ window.created win1 "discord"
2024-03-18T18:26:13.372Z 4: ✅ webContents.did-finish-load web1
2024-03-18T18:37:33.909Z 5: before-quit
2024-03-18T18:37:40.138Z 0: 

----------------------------------------------
2024-03-18T18:37:40.168Z 1: Discord starting: {"releaseChannel":"stable","version":"0.0.45"}, modulepath: /home/silas/.config/discord/0.0.45/modules
2024-03-18T18:37:40.185Z 2: ✅ webContents.created web1 ""
2024-03-18T18:37:40.195Z 3: ✅ window.created win1 "discord"
2024-03-18T18:37:40.356Z 4: ✅ webContents.did-finish-load web1
2024-03-18T18:37:43.010Z 5: window.close win1
2024-03-18T18:37:56.077Z 0: 

----------------------------------------------
2024-03-18T18:37:56.101Z 1: Discord starting: {"releaseChannel":"stable","version":"0.0.45"}, modulepath: /home/silas/.config/discord/0.0.45/modules
2024-03-18T18:37:56.108Z 2: ✅ webContents.created web1 "index.html"
2024-03-18T18:37:56.115Z 3: ✅ window.created win1 "discord"
2024-03-18T18:37:57.862Z 4: ✅ webContents.did-finish-load web1
2024-03-18T18:38:01.470Z 5: before-quit
2024-03-18T18:45:02.278Z 0: 

----------------------------------------------
2024-03-18T18:45:02.300Z 1: Discord starting: {"releaseChannel":"stable","version":"0.0.45"}, modulepath: /home/silas/.config/discord/0.0.45/modules
2024-03-18T18:45:02.307Z 2: ✅ webContents.created web1 "index.html"
2024-03-18T18:45:02.314Z 3: ✅ window.created win1 "discord"
2024-03-18T18:45:02.438Z 4: ✅ webContents.did-finish-load web1
2024-03-18T18:45:10.166Z 5: before-quit
2024-03-18T18:45:11.703Z 0: 

----------------------------------------------
2024-03-18T18:45:11.720Z 1: Discord starting: {"releaseChannel":"stable","version":"0.0.45"}, modulepath: /home/silas/.config/discord/0.0.45/modules
2024-03-18T18:45:11.727Z 2: ✅ webContents.created web1 ""
2024-03-18T18:45:11.734Z 3: ✅ window.created win1 "discord"
2024-03-18T18:45:11.871Z 4: ✅ webContents.did-finish-load web1
2024-03-18T18:45:14.366Z 5: before-quit
2024-03-18T18:46:11.875Z 0: 

----------------------------------------------
2024-03-18T18:46:11.907Z 1: Discord starting: {"releaseChannel":"stable","version":"0.0.45"}, modulepath: /home/silas/.config/discord/0.0.45/modules
2024-03-18T18:46:11.913Z 2: ✅ webContents.created web1 "index.html"
2024-03-18T18:46:11.920Z 3: ✅ window.created win1 "discord"
2024-03-18T18:46:12.032Z 4: ✅ webContents.did-finish-load web1
2024-03-18T18:46:12.129Z 5: ✅ webContents.created web2 ""
2024-03-18T18:46:12.139Z 6: ✅ window.created win2 "Discord"
2024-03-18T18:46:13.553Z 7: ✅ webContents.did-finish-load web2
2024-03-18T18:46:13.653Z 8: window.close win1
2024-03-18T18:46:13.662Z 9: webContents.destroyed web1
2024-03-18T18:46:13.671Z 10: window.closed win1
2024-03-18T18:46:21.146Z 0: 

----------------------------------------------
2024-03-18T18:46:21.161Z 1: Discord starting: {"releaseChannel":"stable","version":"0.0.45"}, modulepath: /home/silas/.config/discord/0.0.45/modules
2024-03-18T18:46:21.169Z 2: ✅ webContents.created web1 ""
2024-03-18T18:46:21.176Z 3: ✅ window.created win1 "discord"
2024-03-18T18:46:21.336Z 4: ✅ webContents.created web2 ""
2024-03-18T18:46:21.343Z 5: ✅ window.created win2 "Discord"
2024-03-18T18:46:21.354Z 6: ✅ webContents.did-finish-load web1
2024-03-18T18:46:23.204Z 7: ✅ webContents.did-finish-load web2
2024-03-18T18:46:23.303Z 8: window.close win1
2024-03-18T18:46:23.312Z 9: webContents.destroyed web1
2024-03-18T18:46:23.320Z 10: window.closed win1
2024-03-18T20:02:48.747Z 11: before-quit
2024-03-19T06:58:00.961Z 0: 

----------------------------------------------
2024-03-19T06:58:00.990Z 1: Discord starting: {"releaseChannel":"stable","version":"0.0.45"}, modulepath: /home/silas/.config/discord/0.0.45/modules
2024-03-19T06:58:01.038Z 2: ✅ webContents.created web1 ""
2024-03-19T06:58:01.045Z 3: ✅ window.created win1 "discord"
2024-03-19T06:58:01.257Z 4: ✅ webContents.created web2 ""
2024-03-19T06:58:01.264Z 5: ✅ window.created win2 "Discord"
2024-03-19T06:58:01.270Z 6: ✅ webContents.did-finish-load web1
2024-03-19T06:58:02.609Z 7: ✅ webContents.did-finish-load web2
2024-03-19T06:58:02.710Z 8: window.close win1
2024-03-19T06:58:02.718Z 9: webContents.destroyed web1
2024-03-19T06:58:02.725Z 10: window.closed win1
2024-03-19T10:21:27.408Z 11: before-quit
2024-03-19T12:02:24.391Z 0: 

----------------------------------------------
2024-03-19T12:02:24.405Z 1: Discord starting: {"releaseChannel":"stable","version":"0.0.45"}, modulepath: /home/silas/.config/discord/0.0.45/modules
2024-03-19T12:02:24.412Z 2: ✅ webContents.created web1 ""
2024-03-19T12:02:24.419Z 3: ✅ window.created win1 "discord"
2024-03-19T12:02:24.577Z 4: ✅ webContents.did-finish-load web1
2024-03-19T12:02:24.645Z 5: ✅ webContents.created web2 ""
2024-03-19T12:02:24.652Z 6: ✅ window.created win2 "Discord"
2024-03-19T12:02:26.023Z 7: ✅ webContents.did-finish-load web2
2024-03-19T12:02:26.123Z 8: window.close win1
2024-03-19T12:02:26.134Z 9: webContents.destroyed web1
2024-03-19T12:02:26.141Z 10: window.closed win1
2024-03-19T13:05:46.180Z 0: 

----------------------------------------------
2024-03-19T13:05:46.191Z 1: Discord starting: {"releaseChannel":"stable","version":"0.0.45"}, modulepath: /home/silas/.config/discord/0.0.45/modules
2024-03-19T13:06:02.620Z 0: 

----------------------------------------------
2024-03-19T13:06:02.631Z 1: Discord starting: {"releaseChannel":"stable","version":"0.0.45"}, modulepath: /home/silas/.config/discord/0.0.45/modules
