2024-02-29 08:22:04.744 [info] (Client) Pylance async client (2024.2.2) started with python extension (2024.2.0)
2024-02-29 08:22:05.092 [info] [Info  - 8:22:05 AM] (24987) Pylance language server 2024.2.2 (pyright version 1.1.348, commit cfb1de0c) starting
2024-02-29 08:22:05.093 [info] [Info  - 8:22:05 AM] (24987) Server root directory: file:///home/silas/.vscode/extensions/ms-python.vscode-pylance-2024.2.2/dist
2024-02-29 08:22:05.093 [info] [Info  - 8:22:05 AM] (24987) Starting service instance "jupyter skole"
2024-02-29 08:22:05.111 [info] [Info  - 8:22:05 AM] (24987) Setting pythonPath for service "jupyter skole": "/bin/python"
2024-02-29 08:22:05.111 [info] [Info  - 8:22:05 AM] (24987) Setting environmentName for service "jupyter skole": "3.11.7 (global)"
2024-02-29 08:22:05.132 [info] [Info  - 8:22:05 AM] (24987) Assuming Python version 3.11
2024-02-29 08:22:05.202 [info] [Info  - 8:22:05 AM] (24987) No source files found.
2024-02-29 08:22:05.521 [info] [Info  - 8:22:05 AM] (24987) Background analysis(1) root directory: file:///home/silas/.vscode/extensions/ms-python.vscode-pylance-2024.2.2/dist
2024-02-29 08:22:05.524 [info] [Info  - 8:22:05 AM] (24987) Background analysis(1) started
2024-02-29 08:22:05.588 [info] [Info  - 8:22:05 AM] (24987) Indexer background runner(2) root directory: file:///home/silas/.vscode/extensions/ms-python.vscode-pylance-2024.2.2/dist (index)
2024-02-29 08:22:05.588 [info] [Info  - 8:22:05 AM] (24987) Indexing(2) started
2024-02-29 08:22:05.781 [info] [Info  - 8:22:05 AM] (24987) scanned(2) 31 files over 1 exec env
2024-02-29 08:22:06.061 [info] [Info  - 8:22:06 AM] (24987) indexed(2) 13 files over 1 exec env
2024-02-29 08:22:06.088 [info] [Info  - 8:22:06 AM] (24987) Indexing finished(2).
2024-02-29 08:22:36.655 [info] [Info  - 8:22:36 AM] (24987) Indexer background runner(3) root directory: file:///home/silas/.vscode/extensions/ms-python.vscode-pylance-2024.2.2/dist (refresh)
2024-02-29 08:22:36.655 [info] [Info  - 8:22:36 AM] (24987) Indexing(3) started
2024-02-29 08:22:36.900 [info] [Info  - 8:22:36 AM] (24987) scanned(3) 57 files over 1 exec env
2024-02-29 08:22:37.308 [info] [Info  - 8:22:37 AM] (24987) indexed(3) 35 files over 1 exec env
2024-02-29 08:22:37.343 [info] [Info  - 8:22:37 AM] (24987) Indexing finished(3).
