2024-02-29 08:18:51.093 [info] Started initializing default profile extensions in extensions installation folder. file:///home/silas/.vscode/extensions
2024-02-29 08:18:51.177 [error] [uncaught exception in sharedProcess]: Event not found: onDidChange: CodeExpectedError: Event not found: onDidChange
    at Object.listen (/opt/visual-studio-code/resources/app/out/vs/code/node/sharedProcess/sharedProcessMain.js:45:4960)
    at E.t (/opt/visual-studio-code/resources/app/out/vs/code/node/sharedProcess/sharedProcessMain.js:44:251)
    at E.q (/opt/visual-studio-code/resources/app/out/vs/code/node/sharedProcess/sharedProcessMain.js:43:4371)
    at y.value (/opt/visual-studio-code/resources/app/out/vs/code/node/sharedProcess/sharedProcessMain.js:43:3602)
    at d.y (/opt/visual-studio-code/resources/app/out/vs/code/node/sharedProcess/sharedProcessMain.js:38:1902)
    at d.z (/opt/visual-studio-code/resources/app/out/vs/code/node/sharedProcess/sharedProcessMain.js:38:1972)
    at d.fire (/opt/visual-studio-code/resources/app/out/vs/code/node/sharedProcess/sharedProcessMain.js:38:2188)
    at MessagePortMain.fe (/opt/visual-studio-code/resources/app/out/vs/code/node/sharedProcess/sharedProcessMain.js:36:30382)
    at MessagePortMain.emit (node:events:514:28)
    at Object.emit (node:electron/js2c/utility_init:2:2285)
2024-02-29 08:18:51.216 [info] Completed initializing default profile extensions in extensions installation folder. file:///home/silas/.vscode/extensions
2024-02-29 08:18:51.286 [error] [uncaught exception in sharedProcess]: Error: ENOENT: no such file or directory, stat '/home/silas/.vscode/extensions/extensions.json.vsctmp': EntryNotFound (FileSystemError): Error: ENOENT: no such file or directory, stat '/home/silas/.vscode/extensions/extensions.json.vsctmp'
    at r.create (/opt/visual-studio-code/resources/app/out/vs/code/node/sharedProcess/sharedProcessMain.js:51:30083)
    at a (/opt/visual-studio-code/resources/app/out/vs/code/node/sharedProcess/sharedProcessMain.js:51:30198)
    at i.fb (/opt/visual-studio-code/resources/app/out/vs/code/node/sharedProcess/sharedProcessMain.js:56:36634)
    at i.stat (/opt/visual-studio-code/resources/app/out/vs/code/node/sharedProcess/sharedProcessMain.js:56:29080)
    at async v.stat (/opt/visual-studio-code/resources/app/out/vs/code/node/sharedProcess/sharedProcessMain.js:56:16226)
    at async X.sb (/opt/visual-studio-code/resources/app/out/vs/code/node/sharedProcess/sharedProcessMain.js:102:107729)
2024-02-29 08:19:07.890 [info] Getting Manifest... ms-toolsai.jupyter
2024-02-29 08:19:07.895 [info] Installing extension: ms-toolsai.jupyter
2024-02-29 08:19:08.226 [info] Getting Manifest... ms-toolsai.jupyter-keymap
2024-02-29 08:19:08.280 [info] Getting Manifest... ms-toolsai.jupyter-renderers
2024-02-29 08:19:08.345 [info] Getting Manifest... ms-toolsai.vscode-jupyter-cell-tags
2024-02-29 08:19:08.402 [info] Getting Manifest... ms-toolsai.vscode-jupyter-slideshow
2024-02-29 08:19:08.484 [info] Installing extension: ms-toolsai.jupyter-keymap
2024-02-29 08:19:08.484 [info] Installing extension: ms-toolsai.jupyter-renderers
2024-02-29 08:19:08.484 [info] Installing extension: ms-toolsai.vscode-jupyter-cell-tags
2024-02-29 08:19:08.485 [info] Installing extension: ms-toolsai.vscode-jupyter-slideshow
2024-02-29 08:19:09.303 [warning] Extension signature verification failed with error 'UnknownError': ms-toolsai.jupyter-keymap
2024-02-29 08:19:09.314 [info] Extracted extension to file:///home/silas/.vscode/extensions/ms-toolsai.jupyter-keymap-1.1.2: ms-toolsai.jupyter-keymap
2024-02-29 08:19:09.329 [info] Renamed to /home/silas/.vscode/extensions/ms-toolsai.jupyter-keymap-1.1.2
2024-02-29 08:19:09.330 [info] Extracting extension completed. ms-toolsai.jupyter-keymap
2024-02-29 08:19:09.415 [error] [uncaught exception in sharedProcess]: Error: ENOENT: no such file or directory, stat '/home/silas/.vscode/extensions/extensions.json.vsctmp': EntryNotFound (FileSystemError): Error: ENOENT: no such file or directory, stat '/home/silas/.vscode/extensions/extensions.json.vsctmp'
    at r.create (/opt/visual-studio-code/resources/app/out/vs/code/node/sharedProcess/sharedProcessMain.js:51:30083)
    at a (/opt/visual-studio-code/resources/app/out/vs/code/node/sharedProcess/sharedProcessMain.js:51:30198)
    at i.fb (/opt/visual-studio-code/resources/app/out/vs/code/node/sharedProcess/sharedProcessMain.js:56:36634)
    at i.stat (/opt/visual-studio-code/resources/app/out/vs/code/node/sharedProcess/sharedProcessMain.js:56:29080)
    at async v.stat (/opt/visual-studio-code/resources/app/out/vs/code/node/sharedProcess/sharedProcessMain.js:56:16226)
    at async X.sb (/opt/visual-studio-code/resources/app/out/vs/code/node/sharedProcess/sharedProcessMain.js:102:107729)
2024-02-29 08:19:11.585 [warning] Extension signature verification failed with error 'UnknownError': ms-toolsai.vscode-jupyter-cell-tags
2024-02-29 08:19:11.603 [info] Extracted extension to file:///home/silas/.vscode/extensions/ms-toolsai.vscode-jupyter-cell-tags-0.1.8: ms-toolsai.vscode-jupyter-cell-tags
2024-02-29 08:19:11.620 [info] Renamed to /home/silas/.vscode/extensions/ms-toolsai.vscode-jupyter-cell-tags-0.1.8
2024-02-29 08:19:11.621 [info] Extracting extension completed. ms-toolsai.vscode-jupyter-cell-tags
2024-02-29 08:19:11.703 [error] [uncaught exception in sharedProcess]: Error: ENOENT: no such file or directory, stat '/home/silas/.vscode/extensions/extensions.json.vsctmp': EntryNotFound (FileSystemError): Error: ENOENT: no such file or directory, stat '/home/silas/.vscode/extensions/extensions.json.vsctmp'
    at r.create (/opt/visual-studio-code/resources/app/out/vs/code/node/sharedProcess/sharedProcessMain.js:51:30083)
    at a (/opt/visual-studio-code/resources/app/out/vs/code/node/sharedProcess/sharedProcessMain.js:51:30198)
    at i.fb (/opt/visual-studio-code/resources/app/out/vs/code/node/sharedProcess/sharedProcessMain.js:56:36634)
    at i.stat (/opt/visual-studio-code/resources/app/out/vs/code/node/sharedProcess/sharedProcessMain.js:56:29080)
    at async v.stat (/opt/visual-studio-code/resources/app/out/vs/code/node/sharedProcess/sharedProcessMain.js:56:16226)
    at async X.sb (/opt/visual-studio-code/resources/app/out/vs/code/node/sharedProcess/sharedProcessMain.js:102:107729)
2024-02-29 08:19:11.719 [warning] Extension signature verification failed with error 'UnknownError': ms-toolsai.vscode-jupyter-slideshow
2024-02-29 08:19:11.737 [info] Extracted extension to file:///home/silas/.vscode/extensions/ms-toolsai.vscode-jupyter-slideshow-0.1.5: ms-toolsai.vscode-jupyter-slideshow
2024-02-29 08:19:11.752 [info] Renamed to /home/silas/.vscode/extensions/ms-toolsai.vscode-jupyter-slideshow-0.1.5
2024-02-29 08:19:11.753 [info] Extracting extension completed. ms-toolsai.vscode-jupyter-slideshow
2024-02-29 08:19:12.203 [warning] Extension signature verification failed with error 'UnknownError': ms-toolsai.jupyter
2024-02-29 08:19:12.341 [info] Extracted extension to file:///home/silas/.vscode/extensions/ms-toolsai.jupyter-2024.2.0-linux-x64: ms-toolsai.jupyter
2024-02-29 08:19:12.364 [info] Renamed to /home/silas/.vscode/extensions/ms-toolsai.jupyter-2024.2.0-linux-x64
2024-02-29 08:19:12.367 [info] Extracting extension completed. ms-toolsai.jupyter
2024-02-29 08:19:12.384 [error] [uncaught exception in sharedProcess]: Error: ENOENT: no such file or directory, stat '/home/silas/.vscode/extensions/extensions.json.vsctmp': EntryNotFound (FileSystemError): Error: ENOENT: no such file or directory, stat '/home/silas/.vscode/extensions/extensions.json.vsctmp'
    at r.create (/opt/visual-studio-code/resources/app/out/vs/code/node/sharedProcess/sharedProcessMain.js:51:30083)
    at a (/opt/visual-studio-code/resources/app/out/vs/code/node/sharedProcess/sharedProcessMain.js:51:30198)
    at i.fb (/opt/visual-studio-code/resources/app/out/vs/code/node/sharedProcess/sharedProcessMain.js:56:36634)
    at i.stat (/opt/visual-studio-code/resources/app/out/vs/code/node/sharedProcess/sharedProcessMain.js:56:29080)
    at async v.stat (/opt/visual-studio-code/resources/app/out/vs/code/node/sharedProcess/sharedProcessMain.js:56:16226)
    at async X.sb (/opt/visual-studio-code/resources/app/out/vs/code/node/sharedProcess/sharedProcessMain.js:102:107729)
2024-02-29 08:19:12.553 [warning] Extension signature verification failed with error 'UnknownError': ms-toolsai.jupyter-renderers
2024-02-29 08:19:12.671 [info] Extracted extension to file:///home/silas/.vscode/extensions/ms-toolsai.jupyter-renderers-1.0.17: ms-toolsai.jupyter-renderers
2024-02-29 08:19:12.679 [info] Renamed to /home/silas/.vscode/extensions/ms-toolsai.jupyter-renderers-1.0.17
2024-02-29 08:19:12.680 [info] Extracting extension completed. ms-toolsai.jupyter-renderers
2024-02-29 08:19:12.698 [info] Extension installed successfully: ms-toolsai.jupyter-keymap
2024-02-29 08:19:12.698 [info] Extension installed successfully: ms-toolsai.vscode-jupyter-cell-tags
2024-02-29 08:19:12.698 [info] Extension installed successfully: ms-toolsai.vscode-jupyter-slideshow
2024-02-29 08:19:12.698 [info] Extension installed successfully: ms-toolsai.jupyter
2024-02-29 08:19:12.698 [info] Extension installed successfully: ms-toolsai.jupyter-renderers
2024-02-29 08:19:12.730 [error] [uncaught exception in sharedProcess]: Error: ENOENT: no such file or directory, stat '/home/silas/.vscode/extensions/extensions.json.vsctmp': EntryNotFound (FileSystemError): Error: ENOENT: no such file or directory, stat '/home/silas/.vscode/extensions/extensions.json.vsctmp'
    at r.create (/opt/visual-studio-code/resources/app/out/vs/code/node/sharedProcess/sharedProcessMain.js:51:30083)
    at a (/opt/visual-studio-code/resources/app/out/vs/code/node/sharedProcess/sharedProcessMain.js:51:30198)
    at i.fb (/opt/visual-studio-code/resources/app/out/vs/code/node/sharedProcess/sharedProcessMain.js:56:36634)
    at i.stat (/opt/visual-studio-code/resources/app/out/vs/code/node/sharedProcess/sharedProcessMain.js:56:29080)
    at async v.stat (/opt/visual-studio-code/resources/app/out/vs/code/node/sharedProcess/sharedProcessMain.js:56:16226)
    at async X.sb (/opt/visual-studio-code/resources/app/out/vs/code/node/sharedProcess/sharedProcessMain.js:102:107729)
2024-02-29 08:19:42.002 [error] [uncaught exception in sharedProcess]: Event not found: onDidChange: CodeExpectedError: Event not found: onDidChange
    at Object.listen (/opt/visual-studio-code/resources/app/out/vs/code/node/sharedProcess/sharedProcessMain.js:45:4960)
    at E.t (/opt/visual-studio-code/resources/app/out/vs/code/node/sharedProcess/sharedProcessMain.js:44:251)
    at E.q (/opt/visual-studio-code/resources/app/out/vs/code/node/sharedProcess/sharedProcessMain.js:43:4371)
    at y.value (/opt/visual-studio-code/resources/app/out/vs/code/node/sharedProcess/sharedProcessMain.js:43:3602)
    at d.y (/opt/visual-studio-code/resources/app/out/vs/code/node/sharedProcess/sharedProcessMain.js:38:1902)
    at d.z (/opt/visual-studio-code/resources/app/out/vs/code/node/sharedProcess/sharedProcessMain.js:38:1972)
    at d.fire (/opt/visual-studio-code/resources/app/out/vs/code/node/sharedProcess/sharedProcessMain.js:38:2188)
    at MessagePortMain.fe (/opt/visual-studio-code/resources/app/out/vs/code/node/sharedProcess/sharedProcessMain.js:36:30382)
    at MessagePortMain.emit (node:events:514:28)
    at Object.emit (node:electron/js2c/utility_init:2:2285)
2024-02-29 08:19:53.547 [info] Getting Manifest... ms-python.python
2024-02-29 08:19:53.551 [info] Installing extension: ms-python.python
2024-02-29 08:19:54.481 [info] Getting Manifest... ms-python.vscode-pylance
2024-02-29 08:19:54.560 [info] Getting Manifest... ms-python.debugpy
2024-02-29 08:19:54.821 [info] Installing extension: ms-python.vscode-pylance
2024-02-29 08:19:54.822 [info] Installing extension: ms-python.debugpy
2024-02-29 08:20:01.268 [warning] Extension signature verification failed with error 'UnknownError': ms-python.debugpy
2024-02-29 08:20:01.412 [info] Extracted extension to file:///home/silas/.vscode/extensions/ms-python.debugpy-2024.2.0-linux-x64: ms-python.debugpy
2024-02-29 08:20:01.426 [info] Renamed to /home/silas/.vscode/extensions/ms-python.debugpy-2024.2.0-linux-x64
2024-02-29 08:20:01.427 [info] Extracting extension completed. ms-python.debugpy
2024-02-29 08:20:01.449 [error] [uncaught exception in sharedProcess]: Error: ENOENT: no such file or directory, stat '/home/silas/.vscode/extensions/extensions.json.vsctmp': EntryNotFound (FileSystemError): Error: ENOENT: no such file or directory, stat '/home/silas/.vscode/extensions/extensions.json.vsctmp'
    at r.create (/opt/visual-studio-code/resources/app/out/vs/code/node/sharedProcess/sharedProcessMain.js:51:30083)
    at a (/opt/visual-studio-code/resources/app/out/vs/code/node/sharedProcess/sharedProcessMain.js:51:30198)
    at i.fb (/opt/visual-studio-code/resources/app/out/vs/code/node/sharedProcess/sharedProcessMain.js:56:36634)
    at i.stat (/opt/visual-studio-code/resources/app/out/vs/code/node/sharedProcess/sharedProcessMain.js:56:29080)
    at async v.stat (/opt/visual-studio-code/resources/app/out/vs/code/node/sharedProcess/sharedProcessMain.js:56:16226)
    at async X.sb (/opt/visual-studio-code/resources/app/out/vs/code/node/sharedProcess/sharedProcessMain.js:102:107729)
2024-02-29 08:20:01.586 [warning] Extension signature verification failed with error 'UnknownError': ms-python.vscode-pylance
2024-02-29 08:20:02.212 [warning] Extension signature verification failed with error 'UnknownError': ms-python.python
2024-02-29 08:20:03.018 [info] Extracted extension to file:///home/silas/.vscode/extensions/ms-python.python-2024.2.0: ms-python.python
2024-02-29 08:20:03.044 [info] Renamed to /home/silas/.vscode/extensions/ms-python.python-2024.2.0
2024-02-29 08:20:03.046 [info] Extracting extension completed. ms-python.python
2024-02-29 08:20:03.077 [info] Extracted extension to file:///home/silas/.vscode/extensions/ms-python.vscode-pylance-2024.2.2: ms-python.vscode-pylance
2024-02-29 08:20:03.091 [info] Renamed to /home/silas/.vscode/extensions/ms-python.vscode-pylance-2024.2.2
2024-02-29 08:20:03.092 [info] Extracting extension completed. ms-python.vscode-pylance
2024-02-29 08:20:03.104 [info] Extension installed successfully: ms-python.debugpy
2024-02-29 08:20:03.104 [info] Extension installed successfully: ms-python.python
2024-02-29 08:20:03.104 [info] Extension installed successfully: ms-python.vscode-pylance
2024-02-29 08:20:03.126 [error] [uncaught exception in sharedProcess]: Error: ENOENT: no such file or directory, stat '/home/silas/.vscode/extensions/extensions.json.vsctmp': EntryNotFound (FileSystemError): Error: ENOENT: no such file or directory, stat '/home/silas/.vscode/extensions/extensions.json.vsctmp'
    at r.create (/opt/visual-studio-code/resources/app/out/vs/code/node/sharedProcess/sharedProcessMain.js:51:30083)
    at a (/opt/visual-studio-code/resources/app/out/vs/code/node/sharedProcess/sharedProcessMain.js:51:30198)
    at i.fb (/opt/visual-studio-code/resources/app/out/vs/code/node/sharedProcess/sharedProcessMain.js:56:36634)
    at i.stat (/opt/visual-studio-code/resources/app/out/vs/code/node/sharedProcess/sharedProcessMain.js:56:29080)
    at async v.stat (/opt/visual-studio-code/resources/app/out/vs/code/node/sharedProcess/sharedProcessMain.js:56:16226)
    at async X.sb (/opt/visual-studio-code/resources/app/out/vs/code/node/sharedProcess/sharedProcessMain.js:102:107729)
