2024-02-29 08:20:05.029 [info] (Client) Pylance async client (2024.2.2) started with python extension (2024.2.0)
2024-02-29 08:20:05.391 [info] [Info  - 8:20:05 AM] (23829) Pylance language server 2024.2.2 (pyright version 1.1.348, commit cfb1de0c) starting
2024-02-29 08:20:05.391 [info] [Info  - 8:20:05 AM] (23829) Server root directory: file:///home/silas/.vscode/extensions/ms-python.vscode-pylance-2024.2.2/dist
2024-02-29 08:20:05.391 [info] [Info  - 8:20:05 AM] (23829) Starting service instance "jupyter skole"
2024-02-29 08:20:05.423 [info] [Info  - 8:20:05 AM] (23829) Setting pythonPath for service "jupyter skole": "/bin/python"
2024-02-29 08:20:05.423 [info] [Info  - 8:20:05 AM] (23829) Setting environmentName for service "jupyter skole": "3.11.7 (global)"
2024-02-29 08:20:05.440 [info] [Info  - 8:20:05 AM] (23829) Assuming Python version 3.11
2024-02-29 08:20:05.471 [info] [Info  - 8:20:05 AM] (23829) No source files found.
2024-02-29 08:20:05.475 [info] [Info  - 8:20:05 AM] (23829) Starting service instance "jupyter skole"
2024-02-29 08:20:05.488 [info] [Info  - 8:20:05 AM] (23829) Setting pythonPath for service "jupyter skole": "/home/silas/code/jupyter skole"
2024-02-29 08:20:05.488 [info] [Info  - 8:20:05 AM] (23829) Setting environmentName for service "jupyter skole": "3.11.7 (global)"
2024-02-29 08:20:05.510 [info] [Info  - 8:20:05 AM] (23829) No source files found.
2024-02-29 08:20:05.779 [info] [Info  - 8:20:05 AM] (23829) Background analysis(1) root directory: file:///home/silas/.vscode/extensions/ms-python.vscode-pylance-2024.2.2/dist
2024-02-29 08:20:05.779 [info] [Info  - 8:20:05 AM] (23829) Background analysis(1) started
2024-02-29 08:20:05.858 [info] [Info  - 8:20:05 AM] (23829) Background analysis(2) root directory: file:///home/silas/.vscode/extensions/ms-python.vscode-pylance-2024.2.2/dist
2024-02-29 08:20:05.859 [info] [Info  - 8:20:05 AM] (23829) Background analysis(2) started
2024-02-29 08:20:05.883 [info] [Info  - 8:20:05 AM] (23829) Indexer background runner(3) root directory: file:///home/silas/.vscode/extensions/ms-python.vscode-pylance-2024.2.2/dist (index)
2024-02-29 08:20:05.883 [info] [Info  - 8:20:05 AM] (23829) Indexing(3) started
2024-02-29 08:20:06.022 [info] [Info  - 8:20:06 AM] (23829) scanned(3) 1 files over 1 exec env
2024-02-29 08:20:06.411 [info] [Info  - 8:20:06 AM] (23829) indexed(3) 1 files over 1 exec env
2024-02-29 08:20:06.426 [info] [Info  - 8:20:06 AM] (23829) Indexing finished(3).
2024-02-29 08:21:37.463 [info] [Info  - 8:21:37 AM] (23829) Indexer background runner(4) root directory: file:///home/silas/.vscode/extensions/ms-python.vscode-pylance-2024.2.2/dist (refresh)
2024-02-29 08:21:37.463 [info] [Info  - 8:21:37 AM] (23829) Indexing(4) started
2024-02-29 08:21:37.691 [info] [Info  - 8:21:37 AM] (23829) scanned(4) 31 files over 1 exec env
2024-02-29 08:21:38.092 [info] [Info  - 8:21:38 AM] (23829) indexed(4) 13 files over 1 exec env
2024-02-29 08:21:38.119 [info] [Info  - 8:21:38 AM] (23829) Indexing finished(4).
