2024-02-29 08:26:30.918 [info] Experiment 'pythonRecommendTensorboardExt' is active
2024-02-29 08:26:30.918 [info] Experiment 'pythonREPLSmartSend' is active
2024-02-29 08:26:30.918 [info] Experiment 'pythonTerminalEnvVarActivation' is active
2024-02-29 08:26:30.918 [info] Experiment 'pythonTestAdapter' is active
2024-02-29 08:26:30.918 [info] Default formatter is set to null for workspace /home/silas/code/jupyter skole
2024-02-29 08:26:30.918 [info] Test server listening.
2024-02-29 08:26:30.918 [error] Invalid version for /usr/sbin/python: {"name":"","location":"","kind":"global-other","executable":{"filename":"/usr/sbin/python","sysPrefix":"","ctime":1708869481338,"mtime":1706544237000},"display":"Python 2.7.x","version":{"major":2,"minor":7,"micro":-1},"arch":1,"distro":{"org":""},"source":["path env var"],"id":"/usr/sbin/python","detailedDisplayName":"Python 2.7.x"}
2024-02-29 08:26:30.918 [error] Invalid version for /usr/sbin/python: {"name":"","location":"","kind":"global-other","executable":{"filename":"/usr/sbin/python","sysPrefix":"","ctime":1708869481338,"mtime":1706544237000},"display":"Python 2.7.x","version":{"major":2,"minor":7,"micro":-1},"arch":1,"distro":{"org":""},"source":["path env var"],"id":"/usr/sbin/python","detailedDisplayName":"Python 2.7.x"}
2024-02-29 08:26:30.918 [info] > conda info --json
2024-02-29 08:26:30.918 [info] Python interpreter path: /bin/python
2024-02-29 08:26:30.949 [info] Found: /bin/python --> /bin/python3.11
2024-02-29 08:26:30.995 [info] Found: /bin/python3 --> /bin/python3.11
2024-02-29 08:26:31.038 [info] Found: /bin/python3.11 --> /bin/python3.11
2024-02-29 08:26:31.061 [info] > /bin/python -I ~/.vscode/extensions/ms-python.python-2024.2.0/pythonFiles/get_output_via_markers.py ~/.vscode/extensions/ms-python.python-2024.2.0/pythonFiles/interpreterInfo.py
2024-02-29 08:26:31.062 [info] Found: /sbin/python --> /sbin/python3.11
2024-02-29 08:26:31.062 [info] Found: /sbin/python3 --> /sbin/python3.11
2024-02-29 08:26:31.062 [info] Found: /sbin/python3.11 --> /sbin/python3.11
2024-02-29 08:26:31.064 [info] Found: /usr/bin/python --> /usr/bin/python3.11
2024-02-29 08:26:31.064 [info] Found: /usr/bin/python3 --> /usr/bin/python3.11
2024-02-29 08:26:31.064 [info] Found: /usr/bin/python3.11 --> /usr/bin/python3.11
2024-02-29 08:26:31.074 [info] Found: /usr/sbin/python --> /usr/sbin/python3.11
2024-02-29 08:26:31.076 [info] Found: /usr/sbin/python3 --> /usr/sbin/python3.11
2024-02-29 08:26:31.076 [info] Found: /usr/sbin/python3.11 --> /usr/sbin/python3.11
2024-02-29 08:26:31.085 [info] > /sbin/python -I ~/.vscode/extensions/ms-python.python-2024.2.0/pythonFiles/get_output_via_markers.py ~/.vscode/extensions/ms-python.python-2024.2.0/pythonFiles/interpreterInfo.py
2024-02-29 08:26:31.098 [info] > /usr/bin/python -I ~/.vscode/extensions/ms-python.python-2024.2.0/pythonFiles/get_output_via_markers.py ~/.vscode/extensions/ms-python.python-2024.2.0/pythonFiles/interpreterInfo.py
2024-02-29 08:26:31.115 [info] > /usr/sbin/python -I ~/.vscode/extensions/ms-python.python-2024.2.0/pythonFiles/get_output_via_markers.py ~/.vscode/extensions/ms-python.python-2024.2.0/pythonFiles/interpreterInfo.py
2024-02-29 08:26:31.170 [error] Invalid version for /usr/sbin/python: {"name":"","location":"","kind":"global-other","executable":{"filename":"/usr/sbin/python","sysPrefix":"","ctime":1708869481338,"mtime":1706544237000},"display":"Python 2.7.x","version":{"major":2,"minor":7,"micro":-1},"arch":1,"distro":{"org":""},"source":["path env var"],"id":"/usr/sbin/python","detailedDisplayName":"Python 2.7.x"}
2024-02-29 08:26:31.171 [error] Invalid version for /usr/sbin/python: {"name":"","location":"","kind":"global-other","executable":{"filename":"/usr/sbin/python","sysPrefix":"","ctime":1708869481338,"mtime":1706544237000},"display":"Python 2.7.x","version":{"major":2,"minor":7,"micro":-1},"arch":1,"distro":{"org":""},"source":["path env var"],"id":"/usr/sbin/python","detailedDisplayName":"Python 2.7.x"}
2024-02-29 08:26:31.948 [warning] Shell integration may not be active, environment activated may be overridden by the shell.
2024-02-29 08:26:31.953 [info] Starting Pylance language server.
