2024-02-29 08:18:51.257 [info] Extension host with pid 23318 started
2024-02-29 08:18:51.334 [info] ExtensionService#_doActivateExtension vscode.git-base, startup: true, activationEvent: '*', root cause: vscode.git
2024-02-29 08:18:51.365 [info] ExtensionService#_doActivateExtension vscode.git, startup: true, activationEvent: '*'
2024-02-29 08:18:51.407 [info] ExtensionService#_doActivateExtension vscode.github, startup: true, activationEvent: '*'
2024-02-29 08:18:51.459 [info] Eager extensions activated
2024-02-29 08:18:51.464 [info] ExtensionService#_doActivateExtension vscode.debug-auto-launch, startup: false, activationEvent: 'onStartupFinished'
2024-02-29 08:18:51.465 [info] ExtensionService#_doActivateExtension vscode.merge-conflict, startup: false, activationEvent: 'onStartupFinished'
2024-02-29 08:18:53.054 [info] ExtensionService#_doActivateExtension vscode.emmet, startup: false, activationEvent: 'onLanguage'
2024-02-29 08:19:12.832 [info] ExtensionService#_doActivateExtension ms-toolsai.jupyter, startup: false, activationEvent: 'onWalkthrough:jupyterWelcome'
2024-02-29 08:19:13.344 [info] ExtensionService#_doActivateExtension ms-toolsai.jupyter-renderers, startup: false, activationEvent: 'api', root cause: ms-toolsai.jupyter
2024-02-29 08:19:41.249 [info] Extension host terminating: renderer closed the MessagePort
2024-02-29 08:19:41.260 [info] Extension host with pid 23318 exiting with code 0
2024-02-29 08:19:41.951 [info] Extension host with pid 23622 started
2024-02-29 08:19:41.951 [info] Skipping acquiring lock for /home/silas/.config/Code/User/workspaceStorage/54133f7c5b604cabd0cf837326f4a5cb.
2024-02-29 08:19:41.961 [info] ExtensionService#_doActivateExtension vscode.git-base, startup: true, activationEvent: '*'
2024-02-29 08:19:41.963 [info] ExtensionService#_doActivateExtension vscode.github, startup: true, activationEvent: '*'
2024-02-29 08:19:41.974 [info] Eager extensions activated
2024-02-29 08:19:41.976 [info] ExtensionService#_doActivateExtension vscode.debug-auto-launch, startup: false, activationEvent: 'onStartupFinished'
2024-02-29 08:19:41.976 [info] ExtensionService#_doActivateExtension vscode.merge-conflict, startup: false, activationEvent: 'onStartupFinished'
2024-02-29 08:19:42.044 [info] ExtensionService#_doActivateExtension ms-toolsai.jupyter, startup: false, activationEvent: 'onWalkthrough:jupyterWelcome'
2024-02-29 08:19:45.144 [info] ExtensionService#_doActivateExtension vscode.git, startup: false, activationEvent: 'api', root cause: vscode.github
2024-02-29 08:19:47.465 [info] ExtensionService#_doActivateExtension vscode.ipynb, startup: false, activationEvent: 'onCommand:ipynb.newUntitledIpynb'
2024-02-29 08:19:47.490 [info] ExtensionService#_doActivateExtension ms-toolsai.vscode-jupyter-cell-tags, startup: false, activationEvent: 'onNotebook:jupyter-notebook'
2024-02-29 08:19:47.492 [info] ExtensionService#_doActivateExtension ms-toolsai.vscode-jupyter-slideshow, startup: false, activationEvent: 'onNotebook:jupyter-notebook'
2024-02-29 08:19:47.494 [info] ExtensionService#_doActivateExtension ms-toolsai.jupyter-renderers, startup: false, activationEvent: 'onNotebook:*'
2024-02-29 08:19:47.658 [info] ExtensionService#_doActivateExtension vscode.emmet, startup: false, activationEvent: 'onLanguage'
2024-02-29 08:20:03.208 [info] ExtensionService#_doActivateExtension ms-python.python, startup: false, activationEvent: 'api', root cause: ms-toolsai.jupyter
2024-02-29 08:20:03.365 [info] ExtensionService#_doActivateExtension ms-python.debugpy, startup: false, activationEvent: 'onLanguage:python'
2024-02-29 08:20:03.697 [info] ExtensionService#_doActivateExtension ms-python.vscode-pylance, startup: false, activationEvent: 'onLanguage:python'
2024-02-29 08:21:59.329 [info] Extension host terminating: renderer closed the MessagePort
2024-02-29 08:21:59.346 [info] Extension host with pid 23622 exiting with code 0
