2024-02-29 08:18:50.925 [info] Started local extension host with pid 23318.
2024-02-29 08:18:51.005 [info] Started initializing default profile extensions in extensions installation folder. file:///home/silas/.vscode/extensions
2024-02-29 08:18:51.198 [info] Completed initializing default profile extensions in extensions installation folder. file:///home/silas/.vscode/extensions
2024-02-29 08:18:53.496 [info] [perf] Render performance baseline is 18ms
2024-02-29 08:19:02.221 [error] Cancelled: Canceled
    at ie.B (vscode-file://vscode-app/opt/visual-studio-code/resources/app/out/vs/workbench/workbench.desktop.main.js:781:28456)
    at async ie.z (vscode-file://vscode-app/opt/visual-studio-code/resources/app/out/vs/workbench/workbench.desktop.main.js:781:25333)
    at async ie.z (vscode-file://vscode-app/opt/visual-studio-code/resources/app/out/vs/workbench/workbench.desktop.main.js:781:26277)
    at async ne (vscode-file://vscode-app/opt/visual-studio-code/resources/app/out/vs/workbench/workbench.desktop.main.js:781:24336)
    at async ie.query (vscode-file://vscode-app/opt/visual-studio-code/resources/app/out/vs/workbench/workbench.desktop.main.js:781:24557)
    at async Y.queryGallery (vscode-file://vscode-app/opt/visual-studio-code/resources/app/out/vs/workbench/workbench.desktop.main.js:2941:12106)
    at async ee.Cc (vscode-file://vscode-app/opt/visual-studio-code/resources/app/out/vs/workbench/workbench.desktop.main.js:2877:22903)
    at async ee.mc (vscode-file://vscode-app/opt/visual-studio-code/resources/app/out/vs/workbench/workbench.desktop.main.js:2877:14515)
    at async vscode-file://vscode-app/opt/visual-studio-code/resources/app/out/vs/workbench/workbench.desktop.main.js:2877:12817
2024-02-29 08:19:41.754 [info] Started local extension host with pid 23622.
2024-02-29 08:19:44.562 [info] [perf] Render performance baseline is 21ms
2024-02-29 08:19:53.401 [error] Cancelled: Canceled
    at ie.B (vscode-file://vscode-app/opt/visual-studio-code/resources/app/out/vs/workbench/workbench.desktop.main.js:781:28456)
    at async ie.z (vscode-file://vscode-app/opt/visual-studio-code/resources/app/out/vs/workbench/workbench.desktop.main.js:781:25333)
    at async ie.z (vscode-file://vscode-app/opt/visual-studio-code/resources/app/out/vs/workbench/workbench.desktop.main.js:781:26277)
    at async ie.getExtensions (vscode-file://vscode-app/opt/visual-studio-code/resources/app/out/vs/workbench/workbench.desktop.main.js:781:22267)
    at async Y.getExtensions (vscode-file://vscode-app/opt/visual-studio-code/resources/app/out/vs/workbench/workbench.desktop.main.js:2941:12529)
    at async ve.Gc (vscode-file://vscode-app/opt/visual-studio-code/resources/app/out/vs/workbench/workbench.desktop.main.js:2877:24913)
    at async ve.Pc (vscode-file://vscode-app/opt/visual-studio-code/resources/app/out/vs/workbench/workbench.desktop.main.js:2877:27577)
    at async ve.mc (vscode-file://vscode-app/opt/visual-studio-code/resources/app/out/vs/workbench/workbench.desktop.main.js:2877:14515)
    at async vscode-file://vscode-app/opt/visual-studio-code/resources/app/out/vs/workbench/workbench.desktop.main.js:2877:12817
