2024-02-29 08:18:50.804 [info] Added views:workbench.panel.markers.view in workbench.panel.markers
2024-02-29 08:18:50.804 [info] Added views:workbench.panel.output in workbench.panel.output
2024-02-29 08:18:50.804 [info] Added views:terminal in terminal
2024-02-29 08:18:50.804 [info] Added views:outline in workbench.view.explorer
2024-02-29 08:18:50.804 [info] Added views:workbench.scm in workbench.view.scm
2024-02-29 08:18:50.804 [info] Added views:workbench.view.search in workbench.view.search
2024-02-29 08:18:50.804 [info] Added views:timeline in workbench.view.explorer
2024-02-29 08:18:50.804 [info] Added views:workbench.explorer.emptyView in workbench.view.explorer
2024-02-29 08:18:50.878 [info] Added views:workbench.debug.variablesView,workbench.debug.watchExpressionsView,workbench.debug.callStackView,workbench.debug.breakPointsView in workbench.view.debug
2024-02-29 08:18:51.277 [info] Added views:~remote.forwardedPorts in ~remote.forwardedPortsContainer
2024-02-29 08:18:51.333 [info] Added views:workbench.panel.repl.view in workbench.panel.repl
2024-02-29 08:18:51.334 [info] Removed views:workbench.debug.breakPointsView,workbench.debug.callStackView,workbench.debug.watchExpressionsView,workbench.debug.variablesView from workbench.view.debug
2024-02-29 08:18:51.334 [info] Added views:workbench.debug.welcome in workbench.view.debug
2024-02-29 08:18:53.000 [info] Added views:workbench.views.extensions.installed,workbench.views.extensions.popular,extensions.recommendedList in workbench.view.extensions
2024-02-29 08:18:53.001 [info] Removed views:workbench.views.extensions.popular from workbench.view.extensions
2024-02-29 08:18:53.135 [info] Added views:workbench.views.extensions.popular in workbench.view.extensions
2024-02-29 08:18:58.490 [info] Removed views:extensions.recommendedList,workbench.views.extensions.popular,workbench.views.extensions.installed from workbench.view.extensions
2024-02-29 08:18:58.498 [info] Added views:workbench.views.extensions.marketplace in workbench.view.extensions
2024-02-29 08:19:00.686 [info] Removed views:workbench.views.extensions.marketplace from workbench.view.extensions
2024-02-29 08:19:00.695 [info] Added views:workbench.views.extensions.installed,workbench.views.extensions.popular,extensions.recommendedList in workbench.view.extensions
2024-02-29 08:19:02.212 [info] Removed views:extensions.recommendedList,workbench.views.extensions.popular,workbench.views.extensions.installed from workbench.view.extensions
2024-02-29 08:19:02.219 [info] Added views:workbench.views.extensions.marketplace in workbench.view.extensions
2024-02-29 08:19:41.703 [info] Added views:workbench.panel.markers.view in workbench.panel.markers
2024-02-29 08:19:41.703 [info] Added views:workbench.panel.output in workbench.panel.output
2024-02-29 08:19:41.703 [info] Added views:terminal in terminal
2024-02-29 08:19:41.703 [info] Added views:outline in workbench.view.explorer
2024-02-29 08:19:41.703 [info] Added views:workbench.scm in workbench.view.scm
2024-02-29 08:19:41.703 [info] Added views:workbench.view.search in workbench.view.search
2024-02-29 08:19:41.703 [info] Added views:timeline in workbench.view.explorer
2024-02-29 08:19:41.703 [info] Added views:workbench.explorer.fileView in workbench.view.explorer
2024-02-29 08:19:41.796 [info] Added views:workbench.debug.variablesView,workbench.debug.watchExpressionsView,workbench.debug.callStackView,workbench.debug.breakPointsView in workbench.view.debug
2024-02-29 08:19:41.959 [info] Added views:workbench.panel.repl.view in workbench.panel.repl
2024-02-29 08:19:41.960 [info] Removed views:workbench.debug.breakPointsView,workbench.debug.callStackView,workbench.debug.watchExpressionsView,workbench.debug.variablesView from workbench.view.debug
2024-02-29 08:19:41.961 [info] Added views:workbench.debug.welcome in workbench.view.debug
2024-02-29 08:19:41.971 [info] Added views:~remote.forwardedPorts in ~remote.forwardedPortsContainer
2024-02-29 08:19:47.490 [info] Added views:jupyterViewVariables in workbench.view.extension.jupyter-variables
2024-02-29 08:19:47.523 [info] Added views:cell-tag in workbench.view.extension.jupyter-variables
2024-02-29 08:19:52.845 [info] Added views:workbench.views.extensions.installed,workbench.views.extensions.popular,extensions.recommendedList in workbench.view.extensions
2024-02-29 08:19:52.847 [info] Removed views:workbench.views.extensions.popular from workbench.view.extensions
2024-02-29 08:19:53.396 [info] Removed views:extensions.recommendedList,workbench.views.extensions.installed from workbench.view.extensions
2024-02-29 08:19:53.399 [info] Added views:workbench.views.extensions.marketplace in workbench.view.extensions
2024-02-29 08:20:03.679 [info] Added views:workbench.view.testing in workbench.view.extension.test
2024-02-29 08:21:59.332 [info] Removed views:workbench.view.testing from workbench.view.extension.test
